::1 - - [12/Jul/2021:06:45:10 +0000] "GET / HTTP/1.1" 200 5136 "-" "Mozilla/5.0 (Windows NT 10.0; Win64; x64) AppleWebKit/537.36 (KHTML, like Gecko) Chrome/91.0.4472.124 Safari/537.36"
::1 - - [12/Jul/2021:06:45:10 +0000] "GET /favicon.ico HTTP/1.1" 404 150 "http://localhost:2000/" "Mozilla/5.0 (Windows NT 10.0; Win64; x64) AppleWebKit/537.36 (KHTML, like Gecko) Chrome/91.0.4472.124 Safari/537.36"
::1 - - [12/Jul/2021:06:45:22 +0000] "GET / HTTP/1.1" 304 - "-" "Mozilla/5.0 (Windows NT 10.0; Win64; x64) AppleWebKit/537.36 (KHTML, like Gecko) Chrome/91.0.4472.124 Safari/537.36"
::1 - - [12/Jul/2021:06:46:24 +0000] "GET / HTTP/1.1" 304 - "-" "Mozilla/5.0 (Windows NT 10.0; Win64; x64) AppleWebKit/537.36 (KHTML, like Gecko) Chrome/91.0.4472.124 Safari/537.36"
::1 - - [12/Jul/2021:06:46:32 +0000] "GET /users/signIn HTTP/1.1" 304 - "http://localhost:2000/" "Mozilla/5.0 (Windows NT 10.0; Win64; x64) AppleWebKit/537.36 (KHTML, like Gecko) Chrome/91.0.4472.124 Safari/537.36"
::1 - - [12/Jul/2021:06:46:34 +0000] "GET /auth/google HTTP/1.1" 302 0 "http://localhost:2000/users/signIn" "Mozilla/5.0 (Windows NT 10.0; Win64; x64) AppleWebKit/537.36 (KHTML, like Gecko) Chrome/91.0.4472.124 Safari/537.36"
[0mGET / [32m200[0m 161.819 ms - 7538[0m
[0mGET /users/signIn [36m304[0m 14.485 ms - -[0m
[0mGET /auth/google [36m302[0m 4.070 ms - 0[0m
[0mGET /auth/google/callback?code=4%2F0AX4XfWj7H4Q3ihSlk-rZKSDtwBEIXKx2BE6LT9m_RbNcOCqaNvYpnXmA7im7egcGNJuqHQ&scope=email+profile+openid+https%3A%2F%2Fwww.googleapis.com%2Fauth%2Fuserinfo.profile+https%3A%2F%2Fwww.googleapis.com%2Fauth%2Fuserinfo.email&authuser=0&prompt=none [36m302[0m 1319.999 ms - 46[0m
[0mGET / [32m200[0m 82.962 ms - 10468[0m
::1 - - [12/Jul/2021:06:51:43 +0000] "GET / HTTP/1.1" 200 5136 "http://localhost:2000/" "Mozilla/5.0 (Windows NT 10.0; Win64; x64) AppleWebKit/537.36 (KHTML, like Gecko) Chrome/91.0.4472.124 Safari/537.36"
::1 - - [12/Jul/2021:06:51:48 +0000] "GET /users/signUp HTTP/1.1" 200 4719 "http://localhost:2000/" "Mozilla/5.0 (Windows NT 10.0; Win64; x64) AppleWebKit/537.36 (KHTML, like Gecko) Chrome/91.0.4472.124 Safari/537.36"
::1 - - [12/Jul/2021:06:52:16 +0000] "POST /users/create HTTP/1.1" 302 70 "http://localhost:2000/users/signUp" "Mozilla/5.0 (Windows NT 10.0; Win64; x64) AppleWebKit/537.36 (KHTML, like Gecko) Chrome/91.0.4472.124 Safari/537.36"
::1 - - [12/Jul/2021:06:52:16 +0000] "GET /users/signIn HTTP/1.1" 200 4345 "http://localhost:2000/users/signUp" "Mozilla/5.0 (Windows NT 10.0; Win64; x64) AppleWebKit/537.36 (KHTML, like Gecko) Chrome/91.0.4472.124 Safari/537.36"
::1 - - [12/Jul/2021:06:52:23 +0000] "POST /users/createSession HTTP/1.1" 302 46 "http://localhost:2000/users/signIn" "Mozilla/5.0 (Windows NT 10.0; Win64; x64) AppleWebKit/537.36 (KHTML, like Gecko) Chrome/91.0.4472.124 Safari/537.36"
::1 - - [12/Jul/2021:06:52:23 +0000] "GET / HTTP/1.1" 200 6068 "http://localhost:2000/users/signIn" "Mozilla/5.0 (Windows NT 10.0; Win64; x64) AppleWebKit/537.36 (KHTML, like Gecko) Chrome/91.0.4472.124 Safari/537.36"
::1 - - [12/Jul/2021:06:52:28 +0000] "POST /posts/create HTTP/1.1" 200 313 "http://localhost:2000/" "Mozilla/5.0 (Windows NT 10.0; Win64; x64) AppleWebKit/537.36 (KHTML, like Gecko) Chrome/91.0.4472.124 Safari/537.36"
::1 - - [12/Jul/2021:07:02:30 +0000] "GET /users/signOut HTTP/1.1" 302 46 "http://localhost:2000/" "Mozilla/5.0 (Windows NT 10.0; Win64; x64) AppleWebKit/537.36 (KHTML, like Gecko) Chrome/91.0.4472.124 Safari/537.36"
::1 - - [12/Jul/2021:07:02:30 +0000] "GET / HTTP/1.1" 200 5745 "http://localhost:2000/" "Mozilla/5.0 (Windows NT 10.0; Win64; x64) AppleWebKit/537.36 (KHTML, like Gecko) Chrome/91.0.4472.124 Safari/537.36"
::1 - - [12/Jul/2021:07:02:35 +0000] "GET /users/signIn HTTP/1.1" 200 4323 "http://localhost:2000/" "Mozilla/5.0 (Windows NT 10.0; Win64; x64) AppleWebKit/537.36 (KHTML, like Gecko) Chrome/91.0.4472.124 Safari/537.36"
::1 - - [12/Jul/2021:07:02:37 +0000] "GET /auth/google HTTP/1.1" 302 0 "http://localhost:2000/users/signIn" "Mozilla/5.0 (Windows NT 10.0; Win64; x64) AppleWebKit/537.36 (KHTML, like Gecko) Chrome/91.0.4472.124 Safari/537.36"
::1 - - [12/Jul/2021:07:11:57 +0000] "GET / HTTP/1.1" 200 5722 "-" "Mozilla/5.0 (Windows NT 10.0; Win64; x64) AppleWebKit/537.36 (KHTML, like Gecko) Chrome/91.0.4472.124 Safari/537.36"
::1 - - [12/Jul/2021:07:12:00 +0000] "GET /users/signIn HTTP/1.1" 304 - "http://localhost:2000/" "Mozilla/5.0 (Windows NT 10.0; Win64; x64) AppleWebKit/537.36 (KHTML, like Gecko) Chrome/91.0.4472.124 Safari/537.36"
::1 - - [12/Jul/2021:07:12:02 +0000] "GET /auth/google HTTP/1.1" 302 0 "http://localhost:2000/users/signIn" "Mozilla/5.0 (Windows NT 10.0; Win64; x64) AppleWebKit/537.36 (KHTML, like Gecko) Chrome/91.0.4472.124 Safari/537.36"
[0mGET / [32m200[0m 171.089 ms - 7538[0m
[0mGET /users/signIn [36m304[0m 18.008 ms - -[0m
[0mGET /auth/google [36m302[0m 7.633 ms - 0[0m
[0mGET /auth/google/callback?code=4%2F0AX4XfWi2GAVOLgtxzh9iva0b9ZmnPQ86IhVsJAdtM2C5N9YXjLEXEtMTv23fRt9zZDR-GQ&scope=email+profile+openid+https%3A%2F%2Fwww.googleapis.com%2Fauth%2Fuserinfo.profile+https%3A%2F%2Fwww.googleapis.com%2Fauth%2Fuserinfo.email&authuser=0&prompt=none [36m302[0m 1268.414 ms - 46[0m
[0mGET / [32m200[0m 77.709 ms - 10468[0m
[0mGET / [32m200[0m 140.245 ms - 10446[0m
[0mPOST /posts/create [32m200[0m 123.795 ms - 330[0m
::1 - - [12/Jul/2021:07:25:47 +0000] "GET / HTTP/1.1" 200 5136 "-" "Mozilla/5.0 (Windows NT 10.0; Win64; x64) AppleWebKit/537.36 (KHTML, like Gecko) Chrome/91.0.4472.124 Safari/537.36"
::1 - - [12/Jul/2021:07:25:48 +0000] "GET /favicon.ico HTTP/1.1" 404 150 "http://localhost:2000/" "Mozilla/5.0 (Windows NT 10.0; Win64; x64) AppleWebKit/537.36 (KHTML, like Gecko) Chrome/91.0.4472.124 Safari/537.36"
::1 - - [12/Jul/2021:07:25:51 +0000] "GET /users/signIn HTTP/1.1" 304 - "http://localhost:2000/" "Mozilla/5.0 (Windows NT 10.0; Win64; x64) AppleWebKit/537.36 (KHTML, like Gecko) Chrome/91.0.4472.124 Safari/537.36"
::1 - - [12/Jul/2021:07:25:53 +0000] "GET /auth/google HTTP/1.1" 302 0 "http://localhost:2000/users/signIn" "Mozilla/5.0 (Windows NT 10.0; Win64; x64) AppleWebKit/537.36 (KHTML, like Gecko) Chrome/91.0.4472.124 Safari/537.36"
::1 - - [12/Jul/2021:07:25:55 +0000] "GET /auth/google/callback?code=4%2F0AX4XfWiDrHx72puKrSbl9z0qdW2_2rF0AsWbATbbby3-VMcDVz4nBVWXCcYm7obcUNMXDQ&scope=email+profile+openid+https%3A%2F%2Fwww.googleapis.com%2Fauth%2Fuserinfo.email+https%3A%2F%2Fwww.googleapis.com%2Fauth%2Fuserinfo.profile&authuser=0&prompt=none HTTP/1.1" 302 70 "http://localhost:2000/" "Mozilla/5.0 (Windows NT 10.0; Win64; x64) AppleWebKit/537.36 (KHTML, like Gecko) Chrome/91.0.4472.124 Safari/537.36"
::1 - - [12/Jul/2021:07:25:55 +0000] "GET /users/signIn HTTP/1.1" 304 - "http://localhost:2000/" "Mozilla/5.0 (Windows NT 10.0; Win64; x64) AppleWebKit/537.36 (KHTML, like Gecko) Chrome/91.0.4472.124 Safari/537.36"
::1 - - [12/Jul/2021:07:25:58 +0000] "GET /auth/google HTTP/1.1" 302 0 "http://localhost:2000/users/signIn" "Mozilla/5.0 (Windows NT 10.0; Win64; x64) AppleWebKit/537.36 (KHTML, like Gecko) Chrome/91.0.4472.124 Safari/537.36"
::1 - - [12/Jul/2021:07:26:00 +0000] "GET /auth/google/callback?code=4%2F0AX4XfWjeWrhE8qLyJhFHOkqGKmjY5Q2FgVt4VAV7zTaLEFJNAvBormqRY269WV-kYuPZ8Q&scope=email+profile+openid+https%3A%2F%2Fwww.googleapis.com%2Fauth%2Fuserinfo.profile+https%3A%2F%2Fwww.googleapis.com%2Fauth%2Fuserinfo.email&authuser=0&prompt=none HTTP/1.1" 302 46 "http://localhost:2000/" "Mozilla/5.0 (Windows NT 10.0; Win64; x64) AppleWebKit/537.36 (KHTML, like Gecko) Chrome/91.0.4472.124 Safari/537.36"
::1 - - [12/Jul/2021:07:26:00 +0000] "GET / HTTP/1.1" 200 6106 "http://localhost:2000/" "Mozilla/5.0 (Windows NT 10.0; Win64; x64) AppleWebKit/537.36 (KHTML, like Gecko) Chrome/91.0.4472.124 Safari/537.36"
::1 - - [12/Jul/2021:07:26:05 +0000] "GET /users/signOut HTTP/1.1" 302 46 "http://localhost:2000/" "Mozilla/5.0 (Windows NT 10.0; Win64; x64) AppleWebKit/537.36 (KHTML, like Gecko) Chrome/91.0.4472.124 Safari/537.36"
::1 - - [12/Jul/2021:07:26:05 +0000] "GET / HTTP/1.1" 200 5346 "http://localhost:2000/" "Mozilla/5.0 (Windows NT 10.0; Win64; x64) AppleWebKit/537.36 (KHTML, like Gecko) Chrome/91.0.4472.124 Safari/537.36"
::1 - - [12/Jul/2021:07:26:10 +0000] "GET /users/signUp HTTP/1.1" 200 4719 "http://localhost:2000/" "Mozilla/5.0 (Windows NT 10.0; Win64; x64) AppleWebKit/537.36 (KHTML, like Gecko) Chrome/91.0.4472.124 Safari/537.36"
::1 - - [12/Jul/2021:07:26:23 +0000] "POST /users/create HTTP/1.1" 302 70 "http://localhost:2000/users/signUp" "Mozilla/5.0 (Windows NT 10.0; Win64; x64) AppleWebKit/537.36 (KHTML, like Gecko) Chrome/91.0.4472.124 Safari/537.36"
::1 - - [12/Jul/2021:07:26:23 +0000] "GET /users/signIn HTTP/1.1" 200 4345 "http://localhost:2000/users/signUp" "Mozilla/5.0 (Windows NT 10.0; Win64; x64) AppleWebKit/537.36 (KHTML, like Gecko) Chrome/91.0.4472.124 Safari/537.36"
::1 - - [12/Jul/2021:07:26:30 +0000] "POST /users/createSession HTTP/1.1" 302 46 "http://localhost:2000/users/signIn" "Mozilla/5.0 (Windows NT 10.0; Win64; x64) AppleWebKit/537.36 (KHTML, like Gecko) Chrome/91.0.4472.124 Safari/537.36"
::1 - - [12/Jul/2021:07:26:30 +0000] "GET / HTTP/1.1" 200 6255 "http://localhost:2000/users/signIn" "Mozilla/5.0 (Windows NT 10.0; Win64; x64) AppleWebKit/537.36 (KHTML, like Gecko) Chrome/91.0.4472.124 Safari/537.36"
::1 - - [12/Jul/2021:07:26:36 +0000] "POST /posts/create HTTP/1.1" 200 318 "http://localhost:2000/" "Mozilla/5.0 (Windows NT 10.0; Win64; x64) AppleWebKit/537.36 (KHTML, like Gecko) Chrome/91.0.4472.124 Safari/537.36"
::1 - - [12/Jul/2021:07:26:40 +0000] "GET /users/profile/60ebee838507df03ac8d7fd5 HTTP/1.1" 200 4882 "http://localhost:2000/" "Mozilla/5.0 (Windows NT 10.0; Win64; x64) AppleWebKit/537.36 (KHTML, like Gecko) Chrome/91.0.4472.124 Safari/537.36"
::1 - - [12/Jul/2021:07:26:42 +0000] "GET /friends/add/?second_user=60ebee838507df03ac8d7fd5 HTTP/1.1" 302 46 "http://localhost:2000/users/profile/60ebee838507df03ac8d7fd5" "Mozilla/5.0 (Windows NT 10.0; Win64; x64) AppleWebKit/537.36 (KHTML, like Gecko) Chrome/91.0.4472.124 Safari/537.36"
::1 - - [12/Jul/2021:07:26:42 +0000] "GET / HTTP/1.1" 200 7552 "http://localhost:2000/users/profile/60ebee838507df03ac8d7fd5" "Mozilla/5.0 (Windows NT 10.0; Win64; x64) AppleWebKit/537.36 (KHTML, like Gecko) Chrome/91.0.4472.124 Safari/537.36"
::1 - - [12/Jul/2021:09:12:33 +0000] "GET / HTTP/1.1" 200 5912 "-" "Mozilla/5.0 (Windows NT 10.0; Win64; x64) AppleWebKit/537.36 (KHTML, like Gecko) Chrome/91.0.4472.124 Safari/537.36"
::1 - - [12/Jul/2021:09:12:35 +0000] "GET /favicon.ico HTTP/1.1" 404 150 "http://localhost:2000/" "Mozilla/5.0 (Windows NT 10.0; Win64; x64) AppleWebKit/537.36 (KHTML, like Gecko) Chrome/91.0.4472.124 Safari/537.36"
::1 - - [12/Jul/2021:09:12:38 +0000] "GET /users/signIn HTTP/1.1" 200 4323 "http://localhost:2000/" "Mozilla/5.0 (Windows NT 10.0; Win64; x64) AppleWebKit/537.36 (KHTML, like Gecko) Chrome/91.0.4472.124 Safari/537.36"
::1 - - [12/Jul/2021:09:12:42 +0000] "POST /users/createSession HTTP/1.1" 302 46 "http://localhost:2000/users/signIn" "Mozilla/5.0 (Windows NT 10.0; Win64; x64) AppleWebKit/537.36 (KHTML, like Gecko) Chrome/91.0.4472.124 Safari/537.36"
::1 - - [12/Jul/2021:09:12:42 +0000] "GET / HTTP/1.1" 200 7560 "http://localhost:2000/users/signIn" "Mozilla/5.0 (Windows NT 10.0; Win64; x64) AppleWebKit/537.36 (KHTML, like Gecko) Chrome/91.0.4472.124 Safari/537.36"
::1 - - [12/Jul/2021:09:12:45 +0000] "GET /users/profile/60ebee9f8507df03ac8d7fd6 HTTP/1.1" 200 5036 "http://localhost:2000/" "Mozilla/5.0 (Windows NT 10.0; Win64; x64) AppleWebKit/537.36 (KHTML, like Gecko) Chrome/91.0.4472.124 Safari/537.36"
::1 - - [12/Jul/2021:09:13:03 +0000] "POST /users/update/60ebee9f8507df03ac8d7fd6 HTTP/1.1" 302 164 "http://localhost:2000/users/profile/60ebee9f8507df03ac8d7fd6" "Mozilla/5.0 (Windows NT 10.0; Win64; x64) AppleWebKit/537.36 (KHTML, like Gecko) Chrome/91.0.4472.124 Safari/537.36"
::1 - - [12/Jul/2021:09:13:03 +0000] "GET /users/profile/60ebee9f8507df03ac8d7fd6 HTTP/1.1" 200 5009 "http://localhost:2000/users/profile/60ebee9f8507df03ac8d7fd6" "Mozilla/5.0 (Windows NT 10.0; Win64; x64) AppleWebKit/537.36 (KHTML, like Gecko) Chrome/91.0.4472.124 Safari/537.36"
::1 - - [12/Jul/2021:09:13:08 +0000] "GET /users/profile/60ebee9f8507df03ac8d7fd6 HTTP/1.1" 200 4981 "http://localhost:2000/users/profile/60ebee9f8507df03ac8d7fd6" "Mozilla/5.0 (Windows NT 10.0; Win64; x64) AppleWebKit/537.36 (KHTML, like Gecko) Chrome/91.0.4472.124 Safari/537.36"
::1 - - [12/Jul/2021:09:34:58 +0000] "GET / HTTP/1.1" 200 5634 "-" "Mozilla/5.0 (Windows NT 10.0; Win64; x64) AppleWebKit/537.36 (KHTML, like Gecko) Chrome/91.0.4472.124 Safari/537.36"
::1 - - [12/Jul/2021:09:35:07 +0000] "GET /users/signOut HTTP/1.1" 302 46 "http://localhost:2000/" "Mozilla/5.0 (Windows NT 10.0; Win64; x64) AppleWebKit/537.36 (KHTML, like Gecko) Chrome/91.0.4472.124 Safari/537.36"
::1 - - [12/Jul/2021:09:35:08 +0000] "GET / HTTP/1.1" 200 4031 "http://localhost:2000/" "Mozilla/5.0 (Windows NT 10.0; Win64; x64) AppleWebKit/537.36 (KHTML, like Gecko) Chrome/91.0.4472.124 Safari/537.36"
::1 - - [12/Jul/2021:09:35:12 +0000] "GET /users/signUp HTTP/1.1" 200 2813 "http://localhost:2000/" "Mozilla/5.0 (Windows NT 10.0; Win64; x64) AppleWebKit/537.36 (KHTML, like Gecko) Chrome/91.0.4472.124 Safari/537.36"
::1 - - [12/Jul/2021:09:35:33 +0000] "GET /users/signIn HTTP/1.1" 200 2586 "http://localhost:2000/users/signUp" "Mozilla/5.0 (Windows NT 10.0; Win64; x64) AppleWebKit/537.36 (KHTML, like Gecko) Chrome/91.0.4472.124 Safari/537.36"
::1 - - [12/Jul/2021:09:38:35 +0000] "GET /users/signIn HTTP/1.1" 304 - "http://localhost:2000/users/signUp" "Mozilla/5.0 (Windows NT 10.0; Win64; x64) AppleWebKit/537.36 (KHTML, like Gecko) Chrome/91.0.4472.124 Safari/537.36"
::1 - - [12/Jul/2021:09:39:03 +0000] "GET /users/signIn HTTP/1.1" 200 2596 "http://localhost:2000/users/signUp" "Mozilla/5.0 (Windows NT 10.0; Win64; x64) AppleWebKit/537.36 (KHTML, like Gecko) Chrome/91.0.4472.124 Safari/537.36"
::1 - - [12/Jul/2021:09:39:08 +0000] "GET /users/signIn HTTP/1.1" 200 2600 "http://localhost:2000/users/signUp" "Mozilla/5.0 (Windows NT 10.0; Win64; x64) AppleWebKit/537.36 (KHTML, like Gecko) Chrome/91.0.4472.124 Safari/537.36"
::1 - - [12/Jul/2021:09:39:15 +0000] "GET /users/signIn HTTP/1.1" 200 2614 "http://localhost:2000/users/signUp" "Mozilla/5.0 (Windows NT 10.0; Win64; x64) AppleWebKit/537.36 (KHTML, like Gecko) Chrome/91.0.4472.124 Safari/537.36"
::1 - - [12/Jul/2021:09:40:06 +0000] "GET /auth/google HTTP/1.1" 302 0 "http://localhost:2000/users/signIn" "Mozilla/5.0 (Windows NT 10.0; Win64; x64) AppleWebKit/537.36 (KHTML, like Gecko) Chrome/91.0.4472.124 Safari/537.36"
::1 - - [12/Jul/2021:09:40:09 +0000] "GET /auth/google/callback?code=4%2F0AX4XfWhD-WulN-if44sfkEu0bXY4zoKjBZhBMTrQCTi4upVkcjN4mQfKZIyrQkzHXFxuOw&scope=email+profile+https%3A%2F%2Fwww.googleapis.com%2Fauth%2Fuserinfo.profile+https%3A%2F%2Fwww.googleapis.com%2Fauth%2Fuserinfo.email+openid&authuser=0&prompt=none HTTP/1.1" 302 46 "http://localhost:2000/" "Mozilla/5.0 (Windows NT 10.0; Win64; x64) AppleWebKit/537.36 (KHTML, like Gecko) Chrome/91.0.4472.124 Safari/537.36"
::1 - - [12/Jul/2021:09:40:09 +0000] "GET / HTTP/1.1" 200 5530 "http://localhost:2000/" "Mozilla/5.0 (Windows NT 10.0; Win64; x64) AppleWebKit/537.36 (KHTML, like Gecko) Chrome/91.0.4472.124 Safari/537.36"
::1 - - [12/Jul/2021:09:40:13 +0000] "GET /users/profile/60ebee838507df03ac8d7fd5 HTTP/1.1" 200 3161 "http://localhost:2000/" "Mozilla/5.0 (Windows NT 10.0; Win64; x64) AppleWebKit/537.36 (KHTML, like Gecko) Chrome/91.0.4472.124 Safari/537.36"
::1 - - [12/Jul/2021:09:40:27 +0000] "GET /users/signOut HTTP/1.1" 302 46 "http://localhost:2000/users/profile/60ebee838507df03ac8d7fd5" "Mozilla/5.0 (Windows NT 10.0; Win64; x64) AppleWebKit/537.36 (KHTML, like Gecko) Chrome/91.0.4472.124 Safari/537.36"
::1 - - [12/Jul/2021:09:40:27 +0000] "GET / HTTP/1.1" 200 4031 "http://localhost:2000/users/profile/60ebee838507df03ac8d7fd5" "Mozilla/5.0 (Windows NT 10.0; Win64; x64) AppleWebKit/537.36 (KHTML, like Gecko) Chrome/91.0.4472.124 Safari/537.36"
::1 - - [12/Jul/2021:09:40:33 +0000] "GET /users/signIn HTTP/1.1" 304 - "http://localhost:2000/" "Mozilla/5.0 (Windows NT 10.0; Win64; x64) AppleWebKit/537.36 (KHTML, like Gecko) Chrome/91.0.4472.124 Safari/537.36"
::1 - - [12/Jul/2021:09:40:37 +0000] "GET /forgotPassword/emailForm HTTP/1.1" 200 2132 "http://localhost:2000/users/signIn" "Mozilla/5.0 (Windows NT 10.0; Win64; x64) AppleWebKit/537.36 (KHTML, like Gecko) Chrome/91.0.4472.124 Safari/537.36"
::1 - - [12/Jul/2021:09:40:42 +0000] "POST /forgotPassword/resetLink HTTP/1.1" 302 70 "http://localhost:2000/forgotPassword/emailForm" "Mozilla/5.0 (Windows NT 10.0; Win64; x64) AppleWebKit/537.36 (KHTML, like Gecko) Chrome/91.0.4472.124 Safari/537.36"
::1 - - [12/Jul/2021:09:40:42 +0000] "GET /users/signIn HTTP/1.1" 200 2660 "http://localhost:2000/forgotPassword/emailForm" "Mozilla/5.0 (Windows NT 10.0; Win64; x64) AppleWebKit/537.36 (KHTML, like Gecko) Chrome/91.0.4472.124 Safari/537.36"
::1 - - [12/Jul/2021:09:40:57 +0000] "GET /forgotpassword/resetLink/passwordForm/?accessId=a7dbfdbdb607418eaeb79396f83425 HTTP/1.1" 200 2655 "-" "Mozilla/5.0 (Windows NT 10.0; Win64; x64) AppleWebKit/537.36 (KHTML, like Gecko) Chrome/91.0.4472.124 Safari/537.36"
::1 - - [12/Jul/2021:09:41:21 +0000] "POST /forgotPassword/resetLink/update HTTP/1.1" 302 70 "http://localhost:2000/forgotpassword/resetLink/passwordForm/?accessId=a7dbfdbdb607418eaeb79396f83425" "Mozilla/5.0 (Windows NT 10.0; Win64; x64) AppleWebKit/537.36 (KHTML, like Gecko) Chrome/91.0.4472.124 Safari/537.36"
::1 - - [12/Jul/2021:09:41:21 +0000] "GET /users/signIn HTTP/1.1" 200 2645 "http://localhost:2000/forgotpassword/resetLink/passwordForm/?accessId=a7dbfdbdb607418eaeb79396f83425" "Mozilla/5.0 (Windows NT 10.0; Win64; x64) AppleWebKit/537.36 (KHTML, like Gecko) Chrome/91.0.4472.124 Safari/537.36"
::1 - - [12/Jul/2021:09:43:10 +0000] "GET / HTTP/1.1" 200 4008 "-" "Mozilla/5.0 (Windows NT 10.0; Win64; x64) AppleWebKit/537.36 (KHTML, like Gecko) Chrome/91.0.4472.124 Safari/537.36"
::1 - - [12/Jul/2021:09:43:37 +0000] "GET / HTTP/1.1" 304 - "-" "Mozilla/5.0 (Windows NT 10.0; Win64; x64) AppleWebKit/537.36 (KHTML, like Gecko) Chrome/91.0.4472.124 Safari/537.36"
::1 - - [12/Jul/2021:09:43:49 +0000] "GET / HTTP/1.1" 304 - "-" "Mozilla/5.0 (Windows NT 10.0; Win64; x64) AppleWebKit/537.36 (KHTML, like Gecko) Chrome/91.0.4472.124 Safari/537.36"
::ffff:127.0.0.1 - - [13/Jul/2021:05:54:29 +0000] "GET / HTTP/1.1" 200 4008 "-" "Mozilla/5.0 (Windows NT 10.0; Win64; x64) AppleWebKit/537.36 (KHTML, like Gecko) Chrome/91.0.4472.124 Safari/537.36"
::ffff:127.0.0.1 - - [13/Jul/2021:05:54:29 +0000] "GET /css/layout.css HTTP/1.1" 404 153 "http://localhost:2000/" "Mozilla/5.0 (Windows NT 10.0; Win64; x64) AppleWebKit/537.36 (KHTML, like Gecko) Chrome/91.0.4472.124 Safari/537.36"
::1 - - [13/Jul/2021:05:54:29 +0000] "GET /css/chatbox.css HTTP/1.1" 404 154 "http://localhost:2000/" "Mozilla/5.0 (Windows NT 10.0; Win64; x64) AppleWebKit/537.36 (KHTML, like Gecko) Chrome/91.0.4472.124 Safari/537.36"
::ffff:127.0.0.1 - - [13/Jul/2021:05:54:29 +0000] "GET /css/home.css HTTP/1.1" 404 151 "http://localhost:2000/" "Mozilla/5.0 (Windows NT 10.0; Win64; x64) AppleWebKit/537.36 (KHTML, like Gecko) Chrome/91.0.4472.124 Safari/537.36"
::1 - - [13/Jul/2021:05:54:29 +0000] "GET /js/layout.js HTTP/1.1" 404 151 "http://localhost:2000/" "Mozilla/5.0 (Windows NT 10.0; Win64; x64) AppleWebKit/537.36 (KHTML, like Gecko) Chrome/91.0.4472.124 Safari/537.36"
::1 - - [13/Jul/2021:05:54:29 +0000] "GET /js/home.js HTTP/1.1" 404 149 "http://localhost:2000/" "Mozilla/5.0 (Windows NT 10.0; Win64; x64) AppleWebKit/537.36 (KHTML, like Gecko) Chrome/91.0.4472.124 Safari/537.36"
::1 - - [13/Jul/2021:05:54:29 +0000] "GET /js/chat_engine.js HTTP/1.1" 404 156 "http://localhost:2000/" "Mozilla/5.0 (Windows NT 10.0; Win64; x64) AppleWebKit/537.36 (KHTML, like Gecko) Chrome/91.0.4472.124 Safari/537.36"
::1 - - [13/Jul/2021:05:54:30 +0000] "GET /favicon.ico HTTP/1.1" 404 150 "http://localhost:2000/" "Mozilla/5.0 (Windows NT 10.0; Win64; x64) AppleWebKit/537.36 (KHTML, like Gecko) Chrome/91.0.4472.124 Safari/537.36"
::1 - - [13/Jul/2021:05:54:33 +0000] "GET / HTTP/1.1" 304 - "-" "Mozilla/5.0 (Windows NT 10.0; Win64; x64) AppleWebKit/537.36 (KHTML, like Gecko) Chrome/91.0.4472.124 Safari/537.36"
::1 - - [13/Jul/2021:05:54:33 +0000] "GET /css/layout.css HTTP/1.1" 404 153 "http://localhost:2000/" "Mozilla/5.0 (Windows NT 10.0; Win64; x64) AppleWebKit/537.36 (KHTML, like Gecko) Chrome/91.0.4472.124 Safari/537.36"
::1 - - [13/Jul/2021:05:54:33 +0000] "GET /css/home.css HTTP/1.1" 404 151 "http://localhost:2000/" "Mozilla/5.0 (Windows NT 10.0; Win64; x64) AppleWebKit/537.36 (KHTML, like Gecko) Chrome/91.0.4472.124 Safari/537.36"
::1 - - [13/Jul/2021:05:54:33 +0000] "GET /css/chatbox.css HTTP/1.1" 404 154 "http://localhost:2000/" "Mozilla/5.0 (Windows NT 10.0; Win64; x64) AppleWebKit/537.36 (KHTML, like Gecko) Chrome/91.0.4472.124 Safari/537.36"
::1 - - [13/Jul/2021:05:54:33 +0000] "GET /js/layout.js HTTP/1.1" 404 151 "http://localhost:2000/" "Mozilla/5.0 (Windows NT 10.0; Win64; x64) AppleWebKit/537.36 (KHTML, like Gecko) Chrome/91.0.4472.124 Safari/537.36"
::1 - - [13/Jul/2021:05:54:33 +0000] "GET /js/home.js HTTP/1.1" 404 149 "http://localhost:2000/" "Mozilla/5.0 (Windows NT 10.0; Win64; x64) AppleWebKit/537.36 (KHTML, like Gecko) Chrome/91.0.4472.124 Safari/537.36"
::1 - - [13/Jul/2021:05:54:33 +0000] "GET /js/chat_engine.js HTTP/1.1" 404 156 "http://localhost:2000/" "Mozilla/5.0 (Windows NT 10.0; Win64; x64) AppleWebKit/537.36 (KHTML, like Gecko) Chrome/91.0.4472.124 Safari/537.36"
::1 - - [13/Jul/2021:05:54:33 +0000] "GET /js/layout.js HTTP/1.1" 404 151 "http://localhost:2000/" "Mozilla/5.0 (Windows NT 10.0; Win64; x64) AppleWebKit/537.36 (KHTML, like Gecko) Chrome/91.0.4472.124 Safari/537.36"
::1 - - [13/Jul/2021:05:54:33 +0000] "GET /js/home.js HTTP/1.1" 404 149 "http://localhost:2000/" "Mozilla/5.0 (Windows NT 10.0; Win64; x64) AppleWebKit/537.36 (KHTML, like Gecko) Chrome/91.0.4472.124 Safari/537.36"
::1 - - [13/Jul/2021:05:54:33 +0000] "GET /js/chat_engine.js HTTP/1.1" 404 156 "http://localhost:2000/" "Mozilla/5.0 (Windows NT 10.0; Win64; x64) AppleWebKit/537.36 (KHTML, like Gecko) Chrome/91.0.4472.124 Safari/537.36"
::1 - - [13/Jul/2021:05:55:02 +0000] "GET /css/layout.css HTTP/1.1" 404 153 "http://localhost:2000/" "Mozilla/5.0 (Windows NT 10.0; Win64; x64) AppleWebKit/537.36 (KHTML, like Gecko) Chrome/91.0.4472.124 Safari/537.36"
::1 - - [13/Jul/2021:05:55:02 +0000] "GET /css/home.css HTTP/1.1" 404 151 "http://localhost:2000/" "Mozilla/5.0 (Windows NT 10.0; Win64; x64) AppleWebKit/537.36 (KHTML, like Gecko) Chrome/91.0.4472.124 Safari/537.36"
::1 - - [13/Jul/2021:05:55:02 +0000] "GET /css/chatbox.css HTTP/1.1" 404 154 "http://localhost:2000/" "Mozilla/5.0 (Windows NT 10.0; Win64; x64) AppleWebKit/537.36 (KHTML, like Gecko) Chrome/91.0.4472.124 Safari/537.36"
[0mGET / [32m200[0m 118.840 ms - 6048[0m
::1 - - [13/Jul/2021:06:01:11 +0000] "GET / HTTP/1.1" 200 4008 "-" "Mozilla/5.0 (Windows NT 10.0; Win64; x64) AppleWebKit/537.36 (KHTML, like Gecko) Chrome/91.0.4472.124 Safari/537.36"
::1 - - [13/Jul/2021:06:01:12 +0000] "GET /css/layout.css HTTP/1.1" 404 153 "http://localhost:2000/" "Mozilla/5.0 (Windows NT 10.0; Win64; x64) AppleWebKit/537.36 (KHTML, like Gecko) Chrome/91.0.4472.124 Safari/537.36"
::1 - - [13/Jul/2021:06:01:12 +0000] "GET /css/home.css HTTP/1.1" 404 151 "http://localhost:2000/" "Mozilla/5.0 (Windows NT 10.0; Win64; x64) AppleWebKit/537.36 (KHTML, like Gecko) Chrome/91.0.4472.124 Safari/537.36"
::1 - - [13/Jul/2021:06:01:12 +0000] "GET /css/chatbox.css HTTP/1.1" 404 154 "http://localhost:2000/" "Mozilla/5.0 (Windows NT 10.0; Win64; x64) AppleWebKit/537.36 (KHTML, like Gecko) Chrome/91.0.4472.124 Safari/537.36"
::1 - - [13/Jul/2021:06:01:12 +0000] "GET /js/layout.js HTTP/1.1" 404 151 "http://localhost:2000/" "Mozilla/5.0 (Windows NT 10.0; Win64; x64) AppleWebKit/537.36 (KHTML, like Gecko) Chrome/91.0.4472.124 Safari/537.36"
::1 - - [13/Jul/2021:06:01:12 +0000] "GET /js/home.js HTTP/1.1" 404 149 "http://localhost:2000/" "Mozilla/5.0 (Windows NT 10.0; Win64; x64) AppleWebKit/537.36 (KHTML, like Gecko) Chrome/91.0.4472.124 Safari/537.36"
::1 - - [13/Jul/2021:06:01:12 +0000] "GET /js/chat_engine.js HTTP/1.1" 404 156 "http://localhost:2000/" "Mozilla/5.0 (Windows NT 10.0; Win64; x64) AppleWebKit/537.36 (KHTML, like Gecko) Chrome/91.0.4472.124 Safari/537.36"
::1 - - [13/Jul/2021:06:01:12 +0000] "GET /css/layout.css HTTP/1.1" 404 153 "http://localhost:2000/" "Mozilla/5.0 (Windows NT 10.0; Win64; x64) AppleWebKit/537.36 (KHTML, like Gecko) Chrome/91.0.4472.124 Safari/537.36"
::1 - - [13/Jul/2021:06:01:12 +0000] "GET /css/home.css HTTP/1.1" 404 151 "http://localhost:2000/" "Mozilla/5.0 (Windows NT 10.0; Win64; x64) AppleWebKit/537.36 (KHTML, like Gecko) Chrome/91.0.4472.124 Safari/537.36"
::1 - - [13/Jul/2021:06:01:12 +0000] "GET /css/chatbox.css HTTP/1.1" 404 154 "http://localhost:2000/" "Mozilla/5.0 (Windows NT 10.0; Win64; x64) AppleWebKit/537.36 (KHTML, like Gecko) Chrome/91.0.4472.124 Safari/537.36"
::1 - - [13/Jul/2021:06:01:12 +0000] "GET /js/layout.js HTTP/1.1" 404 151 "http://localhost:2000/" "Mozilla/5.0 (Windows NT 10.0; Win64; x64) AppleWebKit/537.36 (KHTML, like Gecko) Chrome/91.0.4472.124 Safari/537.36"
::1 - - [13/Jul/2021:06:01:12 +0000] "GET /js/home.js HTTP/1.1" 404 149 "http://localhost:2000/" "Mozilla/5.0 (Windows NT 10.0; Win64; x64) AppleWebKit/537.36 (KHTML, like Gecko) Chrome/91.0.4472.124 Safari/537.36"
::1 - - [13/Jul/2021:06:01:12 +0000] "GET /js/chat_engine.js HTTP/1.1" 404 156 "http://localhost:2000/" "Mozilla/5.0 (Windows NT 10.0; Win64; x64) AppleWebKit/537.36 (KHTML, like Gecko) Chrome/91.0.4472.124 Safari/537.36"
[0mGET / [32m200[0m 92.184 ms - 6048[0m
[0mGET /favicon.ico [33m404[0m 1.303 ms - 150[0m
[0mGET /users/profile/60d442db872da84c441df1c0 [36m302[0m 8.494 ms - 70[0m
[0mGET /users/signIn [32m200[0m 8.779 ms - 2614[0m
[0mGET /auth/google [36m302[0m 3.725 ms - 0[0m
[0mGET /auth/google/callback?code=4%2F0AX4XfWh8Tu_gV38x0aS9zC2hfH4QoOuqNpGaYPG4-TLxZxCswQ-9auGl2gxKSyd1qOk5xg&scope=email+profile+https%3A%2F%2Fwww.googleapis.com%2Fauth%2Fuserinfo.email+https%3A%2F%2Fwww.googleapis.com%2Fauth%2Fuserinfo.profile+openid&authuser=0&prompt=none [36m302[0m 702.945 ms - 46[0m
[0mGET / [32m200[0m 56.584 ms - 9741[0m
[0mGET /users/profile/60d442db872da84c441df1c0 [32m200[0m 31.066 ms - 2967[0m
[0mGET /users/profile/60dc7b402b941b4a785b53f6 [32m200[0m 8.782 ms - 3149[0m
[0mPOST /users/update/60dc7b402b941b4a785b53f6 [36m302[0m 60.542 ms - 164[0m
[0mGET /users/profile/60dc7b402b941b4a785b53f6 [32m200[0m 17.297 ms - 3121[0m
[0mPOST /users/update/60dc7b402b941b4a785b53f6 [36m302[0m 39.646 ms - 164[0m
[0mGET /users/profile/60dc7b402b941b4a785b53f6 [32m200[0m 25.574 ms - 3121[0m
[0mGET / [31m500[0m 162.802 ms - 2653[0m
::1 - - [13/Jul/2021:12:42:24 +0000] "GET / HTTP/1.1" 500 2653 "-" "Mozilla/5.0 (Windows NT 10.0; Win64; x64) AppleWebKit/537.36 (KHTML, like Gecko) Chrome/91.0.4472.124 Safari/537.36"
::1 - - [13/Jul/2021:12:42:41 +0000] "GET / HTTP/1.1" 500 2653 "-" "Mozilla/5.0 (Windows NT 10.0; Win64; x64) AppleWebKit/537.36 (KHTML, like Gecko) Chrome/91.0.4472.124 Safari/537.36"
::1 - - [13/Jul/2021:12:42:54 +0000] "GET / HTTP/1.1" 200 4008 "-" "Mozilla/5.0 (Windows NT 10.0; Win64; x64) AppleWebKit/537.36 (KHTML, like Gecko) Chrome/91.0.4472.124 Safari/537.36"
::1 - - [13/Jul/2021:12:42:54 +0000] "GET /css/layout.css HTTP/1.1" 404 153 "http://localhost:2000/" "Mozilla/5.0 (Windows NT 10.0; Win64; x64) AppleWebKit/537.36 (KHTML, like Gecko) Chrome/91.0.4472.124 Safari/537.36"
::1 - - [13/Jul/2021:12:42:54 +0000] "GET /css/home.css HTTP/1.1" 404 151 "http://localhost:2000/" "Mozilla/5.0 (Windows NT 10.0; Win64; x64) AppleWebKit/537.36 (KHTML, like Gecko) Chrome/91.0.4472.124 Safari/537.36"
::1 - - [13/Jul/2021:12:42:54 +0000] "GET /css/chatbox.css HTTP/1.1" 404 154 "http://localhost:2000/" "Mozilla/5.0 (Windows NT 10.0; Win64; x64) AppleWebKit/537.36 (KHTML, like Gecko) Chrome/91.0.4472.124 Safari/537.36"
::1 - - [13/Jul/2021:12:42:54 +0000] "GET /js/layout.js HTTP/1.1" 404 151 "http://localhost:2000/" "Mozilla/5.0 (Windows NT 10.0; Win64; x64) AppleWebKit/537.36 (KHTML, like Gecko) Chrome/91.0.4472.124 Safari/537.36"
::1 - - [13/Jul/2021:12:42:54 +0000] "GET /js/home.js HTTP/1.1" 404 149 "http://localhost:2000/" "Mozilla/5.0 (Windows NT 10.0; Win64; x64) AppleWebKit/537.36 (KHTML, like Gecko) Chrome/91.0.4472.124 Safari/537.36"
::1 - - [13/Jul/2021:12:42:54 +0000] "GET /js/chat_engine.js HTTP/1.1" 404 156 "http://localhost:2000/" "Mozilla/5.0 (Windows NT 10.0; Win64; x64) AppleWebKit/537.36 (KHTML, like Gecko) Chrome/91.0.4472.124 Safari/537.36"
::1 - - [13/Jul/2021:12:42:54 +0000] "GET /css/layout.css HTTP/1.1" 404 153 "http://localhost:2000/" "Mozilla/5.0 (Windows NT 10.0; Win64; x64) AppleWebKit/537.36 (KHTML, like Gecko) Chrome/91.0.4472.124 Safari/537.36"
::1 - - [13/Jul/2021:12:42:54 +0000] "GET /css/home.css HTTP/1.1" 404 151 "http://localhost:2000/" "Mozilla/5.0 (Windows NT 10.0; Win64; x64) AppleWebKit/537.36 (KHTML, like Gecko) Chrome/91.0.4472.124 Safari/537.36"
::1 - - [13/Jul/2021:12:42:54 +0000] "GET /css/chatbox.css HTTP/1.1" 404 154 "http://localhost:2000/" "Mozilla/5.0 (Windows NT 10.0; Win64; x64) AppleWebKit/537.36 (KHTML, like Gecko) Chrome/91.0.4472.124 Safari/537.36"
::1 - - [13/Jul/2021:12:42:54 +0000] "GET /js/layout.js HTTP/1.1" 404 151 "http://localhost:2000/" "Mozilla/5.0 (Windows NT 10.0; Win64; x64) AppleWebKit/537.36 (KHTML, like Gecko) Chrome/91.0.4472.124 Safari/537.36"
::1 - - [13/Jul/2021:12:42:54 +0000] "GET /js/home.js HTTP/1.1" 404 149 "http://localhost:2000/" "Mozilla/5.0 (Windows NT 10.0; Win64; x64) AppleWebKit/537.36 (KHTML, like Gecko) Chrome/91.0.4472.124 Safari/537.36"
::1 - - [13/Jul/2021:12:42:54 +0000] "GET /js/chat_engine.js HTTP/1.1" 404 156 "http://localhost:2000/" "Mozilla/5.0 (Windows NT 10.0; Win64; x64) AppleWebKit/537.36 (KHTML, like Gecko) Chrome/91.0.4472.124 Safari/537.36"
::1 - - [13/Jul/2021:12:44:49 +0000] "GET / HTTP/1.1" 500 2931 "-" "Mozilla/5.0 (Windows NT 10.0; Win64; x64) AppleWebKit/537.36 (KHTML, like Gecko) Chrome/91.0.4472.124 Safari/537.36"
::1 - - [13/Jul/2021:12:46:34 +0000] "GET / HTTP/1.1" 500 2943 "-" "Mozilla/5.0 (Windows NT 10.0; Win64; x64) AppleWebKit/537.36 (KHTML, like Gecko) Chrome/91.0.4472.124 Safari/537.36"
::1 - - [13/Jul/2021:12:46:35 +0000] "GET / HTTP/1.1" 500 2943 "-" "Mozilla/5.0 (Windows NT 10.0; Win64; x64) AppleWebKit/537.36 (KHTML, like Gecko) Chrome/91.0.4472.124 Safari/537.36"
::1 - - [13/Jul/2021:12:47:55 +0000] "GET / HTTP/1.1" 200 4004 "-" "Mozilla/5.0 (Windows NT 10.0; Win64; x64) AppleWebKit/537.36 (KHTML, like Gecko) Chrome/91.0.4472.124 Safari/537.36"
::1 - - [13/Jul/2021:12:47:56 +0000] "GET /undefined HTTP/1.1" 404 148 "http://localhost:2000/" "Mozilla/5.0 (Windows NT 10.0; Win64; x64) AppleWebKit/537.36 (KHTML, like Gecko) Chrome/91.0.4472.124 Safari/537.36"
::1 - - [13/Jul/2021:12:47:56 +0000] "GET /css/home.css HTTP/1.1" 404 151 "http://localhost:2000/" "Mozilla/5.0 (Windows NT 10.0; Win64; x64) AppleWebKit/537.36 (KHTML, like Gecko) Chrome/91.0.4472.124 Safari/537.36"
::1 - - [13/Jul/2021:12:47:56 +0000] "GET /css/chatbox.css HTTP/1.1" 404 154 "http://localhost:2000/" "Mozilla/5.0 (Windows NT 10.0; Win64; x64) AppleWebKit/537.36 (KHTML, like Gecko) Chrome/91.0.4472.124 Safari/537.36"
::1 - - [13/Jul/2021:12:47:56 +0000] "GET /js/chat_engine.js HTTP/1.1" 404 156 "http://localhost:2000/" "Mozilla/5.0 (Windows NT 10.0; Win64; x64) AppleWebKit/537.36 (KHTML, like Gecko) Chrome/91.0.4472.124 Safari/537.36"
::1 - - [13/Jul/2021:12:47:56 +0000] "GET /js/layout.js HTTP/1.1" 404 151 "http://localhost:2000/" "Mozilla/5.0 (Windows NT 10.0; Win64; x64) AppleWebKit/537.36 (KHTML, like Gecko) Chrome/91.0.4472.124 Safari/537.36"
::1 - - [13/Jul/2021:12:47:56 +0000] "GET /js/home.js HTTP/1.1" 404 149 "http://localhost:2000/" "Mozilla/5.0 (Windows NT 10.0; Win64; x64) AppleWebKit/537.36 (KHTML, like Gecko) Chrome/91.0.4472.124 Safari/537.36"
::1 - - [13/Jul/2021:12:47:56 +0000] "GET /undefined HTTP/1.1" 404 148 "http://localhost:2000/" "Mozilla/5.0 (Windows NT 10.0; Win64; x64) AppleWebKit/537.36 (KHTML, like Gecko) Chrome/91.0.4472.124 Safari/537.36"
::1 - - [13/Jul/2021:12:47:56 +0000] "GET /css/home.css HTTP/1.1" 404 151 "http://localhost:2000/" "Mozilla/5.0 (Windows NT 10.0; Win64; x64) AppleWebKit/537.36 (KHTML, like Gecko) Chrome/91.0.4472.124 Safari/537.36"
::1 - - [13/Jul/2021:12:47:56 +0000] "GET /css/chatbox.css HTTP/1.1" 404 154 "http://localhost:2000/" "Mozilla/5.0 (Windows NT 10.0; Win64; x64) AppleWebKit/537.36 (KHTML, like Gecko) Chrome/91.0.4472.124 Safari/537.36"
::1 - - [13/Jul/2021:12:47:56 +0000] "GET /js/layout.js HTTP/1.1" 404 151 "http://localhost:2000/" "Mozilla/5.0 (Windows NT 10.0; Win64; x64) AppleWebKit/537.36 (KHTML, like Gecko) Chrome/91.0.4472.124 Safari/537.36"
::1 - - [13/Jul/2021:12:47:56 +0000] "GET /js/home.js HTTP/1.1" 404 149 "http://localhost:2000/" "Mozilla/5.0 (Windows NT 10.0; Win64; x64) AppleWebKit/537.36 (KHTML, like Gecko) Chrome/91.0.4472.124 Safari/537.36"
::1 - - [13/Jul/2021:12:47:56 +0000] "GET /js/chat_engine.js HTTP/1.1" 404 156 "http://localhost:2000/" "Mozilla/5.0 (Windows NT 10.0; Win64; x64) AppleWebKit/537.36 (KHTML, like Gecko) Chrome/91.0.4472.124 Safari/537.36"
::1 - - [13/Jul/2021:12:48:03 +0000] "GET /undefined HTTP/1.1" 404 148 "http://localhost:2000/" "Mozilla/5.0 (Windows NT 10.0; Win64; x64) AppleWebKit/537.36 (KHTML, like Gecko) Chrome/91.0.4472.124 Safari/537.36"
::1 - - [13/Jul/2021:12:48:03 +0000] "GET /css/home.css HTTP/1.1" 404 151 "http://localhost:2000/" "Mozilla/5.0 (Windows NT 10.0; Win64; x64) AppleWebKit/537.36 (KHTML, like Gecko) Chrome/91.0.4472.124 Safari/537.36"
::1 - - [13/Jul/2021:12:48:03 +0000] "GET /css/chatbox.css HTTP/1.1" 404 154 "http://localhost:2000/" "Mozilla/5.0 (Windows NT 10.0; Win64; x64) AppleWebKit/537.36 (KHTML, like Gecko) Chrome/91.0.4472.124 Safari/537.36"
::1 - - [13/Jul/2021:12:48:13 +0000] "GET / HTTP/1.1" 304 - "-" "Mozilla/5.0 (Windows NT 10.0; Win64; x64) AppleWebKit/537.36 (KHTML, like Gecko) Chrome/91.0.4472.124 Safari/537.36"
::1 - - [13/Jul/2021:12:48:13 +0000] "GET /js/chat_engine.js HTTP/1.1" 404 156 "http://localhost:2000/" "Mozilla/5.0 (Windows NT 10.0; Win64; x64) AppleWebKit/537.36 (KHTML, like Gecko) Chrome/91.0.4472.124 Safari/537.36"
::1 - - [13/Jul/2021:12:48:13 +0000] "GET /undefined HTTP/1.1" 404 148 "http://localhost:2000/" "Mozilla/5.0 (Windows NT 10.0; Win64; x64) AppleWebKit/537.36 (KHTML, like Gecko) Chrome/91.0.4472.124 Safari/537.36"
::1 - - [13/Jul/2021:12:48:13 +0000] "GET /css/home.css HTTP/1.1" 404 151 "http://localhost:2000/" "Mozilla/5.0 (Windows NT 10.0; Win64; x64) AppleWebKit/537.36 (KHTML, like Gecko) Chrome/91.0.4472.124 Safari/537.36"
::1 - - [13/Jul/2021:12:48:13 +0000] "GET /js/home.js HTTP/1.1" 404 149 "http://localhost:2000/" "Mozilla/5.0 (Windows NT 10.0; Win64; x64) AppleWebKit/537.36 (KHTML, like Gecko) Chrome/91.0.4472.124 Safari/537.36"
::1 - - [13/Jul/2021:12:48:13 +0000] "GET /css/chatbox.css HTTP/1.1" 404 154 "http://localhost:2000/" "Mozilla/5.0 (Windows NT 10.0; Win64; x64) AppleWebKit/537.36 (KHTML, like Gecko) Chrome/91.0.4472.124 Safari/537.36"
::1 - - [13/Jul/2021:12:48:13 +0000] "GET /js/layout.js HTTP/1.1" 404 151 "http://localhost:2000/" "Mozilla/5.0 (Windows NT 10.0; Win64; x64) AppleWebKit/537.36 (KHTML, like Gecko) Chrome/91.0.4472.124 Safari/537.36"
::1 - - [13/Jul/2021:12:48:13 +0000] "GET /undefined HTTP/1.1" 404 148 "http://localhost:2000/" "Mozilla/5.0 (Windows NT 10.0; Win64; x64) AppleWebKit/537.36 (KHTML, like Gecko) Chrome/91.0.4472.124 Safari/537.36"
::1 - - [13/Jul/2021:12:48:13 +0000] "GET /css/home.css HTTP/1.1" 404 151 "http://localhost:2000/" "Mozilla/5.0 (Windows NT 10.0; Win64; x64) AppleWebKit/537.36 (KHTML, like Gecko) Chrome/91.0.4472.124 Safari/537.36"
::1 - - [13/Jul/2021:12:48:13 +0000] "GET /css/chatbox.css HTTP/1.1" 404 154 "http://localhost:2000/" "Mozilla/5.0 (Windows NT 10.0; Win64; x64) AppleWebKit/537.36 (KHTML, like Gecko) Chrome/91.0.4472.124 Safari/537.36"
::1 - - [13/Jul/2021:12:48:13 +0000] "GET /js/layout.js HTTP/1.1" 404 151 "http://localhost:2000/" "Mozilla/5.0 (Windows NT 10.0; Win64; x64) AppleWebKit/537.36 (KHTML, like Gecko) Chrome/91.0.4472.124 Safari/537.36"
::1 - - [13/Jul/2021:12:48:13 +0000] "GET /js/home.js HTTP/1.1" 404 149 "http://localhost:2000/" "Mozilla/5.0 (Windows NT 10.0; Win64; x64) AppleWebKit/537.36 (KHTML, like Gecko) Chrome/91.0.4472.124 Safari/537.36"
::1 - - [13/Jul/2021:12:48:13 +0000] "GET /js/chat_engine.js HTTP/1.1" 404 156 "http://localhost:2000/" "Mozilla/5.0 (Windows NT 10.0; Win64; x64) AppleWebKit/537.36 (KHTML, like Gecko) Chrome/91.0.4472.124 Safari/537.36"
[0mGET / [32m200[0m 159.899 ms - 6048[0m
::ffff:127.0.0.1 - - [13/Jul/2021:13:11:19 +0000] "GET / HTTP/1.1" 200 3991 "-" "Mozilla/5.0 (Windows NT 10.0; Win64; x64) AppleWebKit/537.36 (KHTML, like Gecko) Chrome/91.0.4472.124 Safari/537.36"
::ffff:127.0.0.1 - - [13/Jul/2021:13:11:20 +0000] "GET /undefined HTTP/1.1" 404 148 "http://localhost:2000/" "Mozilla/5.0 (Windows NT 10.0; Win64; x64) AppleWebKit/537.36 (KHTML, like Gecko) Chrome/91.0.4472.124 Safari/537.36"
::ffff:127.0.0.1 - - [13/Jul/2021:13:11:20 +0000] "GET /js/chat_engine.js HTTP/1.1" 404 156 "http://localhost:2000/" "Mozilla/5.0 (Windows NT 10.0; Win64; x64) AppleWebKit/537.36 (KHTML, like Gecko) Chrome/91.0.4472.124 Safari/537.36"
::ffff:127.0.0.1 - - [13/Jul/2021:13:11:20 +0000] "GET /undefined HTTP/1.1" 404 148 "http://localhost:2000/" "Mozilla/5.0 (Windows NT 10.0; Win64; x64) AppleWebKit/537.36 (KHTML, like Gecko) Chrome/91.0.4472.124 Safari/537.36"
::ffff:127.0.0.1 - - [13/Jul/2021:13:11:20 +0000] "GET /undefined HTTP/1.1" 404 148 "http://localhost:2000/" "Mozilla/5.0 (Windows NT 10.0; Win64; x64) AppleWebKit/537.36 (KHTML, like Gecko) Chrome/91.0.4472.124 Safari/537.36"
::ffff:127.0.0.1 - - [13/Jul/2021:13:11:20 +0000] "GET /undefined HTTP/1.1" 404 148 "http://localhost:2000/" "Mozilla/5.0 (Windows NT 10.0; Win64; x64) AppleWebKit/537.36 (KHTML, like Gecko) Chrome/91.0.4472.124 Safari/537.36"
::ffff:127.0.0.1 - - [13/Jul/2021:13:11:20 +0000] "GET /undefined HTTP/1.1" 404 148 "http://localhost:2000/" "Mozilla/5.0 (Windows NT 10.0; Win64; x64) AppleWebKit/537.36 (KHTML, like Gecko) Chrome/91.0.4472.124 Safari/537.36"
::ffff:127.0.0.1 - - [13/Jul/2021:13:11:20 +0000] "GET /js/chat_engine.js HTTP/1.1" 404 156 "http://localhost:2000/" "Mozilla/5.0 (Windows NT 10.0; Win64; x64) AppleWebKit/537.36 (KHTML, like Gecko) Chrome/91.0.4472.124 Safari/537.36"
::1 - - [13/Jul/2021:13:18:10 +0000] "GET / HTTP/1.1" 304 - "-" "Mozilla/5.0 (Windows NT 10.0; Win64; x64) AppleWebKit/537.36 (KHTML, like Gecko) Chrome/91.0.4472.124 Safari/537.36"
::1 - - [13/Jul/2021:13:18:10 +0000] "GET /js/chat_engine.js HTTP/1.1" 404 156 "http://localhost:2000/" "Mozilla/5.0 (Windows NT 10.0; Win64; x64) AppleWebKit/537.36 (KHTML, like Gecko) Chrome/91.0.4472.124 Safari/537.36"
::1 - - [13/Jul/2021:13:18:10 +0000] "GET /undefined HTTP/1.1" 404 148 "http://localhost:2000/" "Mozilla/5.0 (Windows NT 10.0; Win64; x64) AppleWebKit/537.36 (KHTML, like Gecko) Chrome/91.0.4472.124 Safari/537.36"
::1 - - [13/Jul/2021:13:18:10 +0000] "GET /undefined HTTP/1.1" 404 148 "http://localhost:2000/" "Mozilla/5.0 (Windows NT 10.0; Win64; x64) AppleWebKit/537.36 (KHTML, like Gecko) Chrome/91.0.4472.124 Safari/537.36"
::1 - - [13/Jul/2021:13:18:10 +0000] "GET /undefined HTTP/1.1" 404 148 "http://localhost:2000/" "Mozilla/5.0 (Windows NT 10.0; Win64; x64) AppleWebKit/537.36 (KHTML, like Gecko) Chrome/91.0.4472.124 Safari/537.36"
::1 - - [13/Jul/2021:13:18:10 +0000] "GET /undefined HTTP/1.1" 404 148 "http://localhost:2000/" "Mozilla/5.0 (Windows NT 10.0; Win64; x64) AppleWebKit/537.36 (KHTML, like Gecko) Chrome/91.0.4472.124 Safari/537.36"
::1 - - [13/Jul/2021:13:18:10 +0000] "GET /undefined HTTP/1.1" 404 148 "http://localhost:2000/" "Mozilla/5.0 (Windows NT 10.0; Win64; x64) AppleWebKit/537.36 (KHTML, like Gecko) Chrome/91.0.4472.124 Safari/537.36"
::1 - - [13/Jul/2021:13:18:10 +0000] "GET /js/chat_engine.js HTTP/1.1" 404 156 "http://localhost:2000/" "Mozilla/5.0 (Windows NT 10.0; Win64; x64) AppleWebKit/537.36 (KHTML, like Gecko) Chrome/91.0.4472.124 Safari/537.36"
::1 - - [13/Jul/2021:13:18:29 +0000] "GET / HTTP/1.1" 304 - "-" "Mozilla/5.0 (Windows NT 10.0; Win64; x64) AppleWebKit/537.36 (KHTML, like Gecko) Chrome/91.0.4472.124 Safari/537.36"
::1 - - [13/Jul/2021:13:18:29 +0000] "GET /undefined HTTP/1.1" 404 148 "http://localhost:2000/" "Mozilla/5.0 (Windows NT 10.0; Win64; x64) AppleWebKit/537.36 (KHTML, like Gecko) Chrome/91.0.4472.124 Safari/537.36"
::1 - - [13/Jul/2021:13:18:29 +0000] "GET /js/chat_engine.js HTTP/1.1" 404 156 "http://localhost:2000/" "Mozilla/5.0 (Windows NT 10.0; Win64; x64) AppleWebKit/537.36 (KHTML, like Gecko) Chrome/91.0.4472.124 Safari/537.36"
::1 - - [13/Jul/2021:13:18:29 +0000] "GET /undefined HTTP/1.1" 404 148 "http://localhost:2000/" "Mozilla/5.0 (Windows NT 10.0; Win64; x64) AppleWebKit/537.36 (KHTML, like Gecko) Chrome/91.0.4472.124 Safari/537.36"
::1 - - [13/Jul/2021:13:18:29 +0000] "GET /undefined HTTP/1.1" 404 148 "http://localhost:2000/" "Mozilla/5.0 (Windows NT 10.0; Win64; x64) AppleWebKit/537.36 (KHTML, like Gecko) Chrome/91.0.4472.124 Safari/537.36"
::1 - - [13/Jul/2021:13:18:29 +0000] "GET /undefined HTTP/1.1" 404 148 "http://localhost:2000/" "Mozilla/5.0 (Windows NT 10.0; Win64; x64) AppleWebKit/537.36 (KHTML, like Gecko) Chrome/91.0.4472.124 Safari/537.36"
::1 - - [13/Jul/2021:13:18:29 +0000] "GET /undefined HTTP/1.1" 404 148 "http://localhost:2000/" "Mozilla/5.0 (Windows NT 10.0; Win64; x64) AppleWebKit/537.36 (KHTML, like Gecko) Chrome/91.0.4472.124 Safari/537.36"
::1 - - [13/Jul/2021:13:18:29 +0000] "GET /js/chat_engine.js HTTP/1.1" 404 156 "http://localhost:2000/" "Mozilla/5.0 (Windows NT 10.0; Win64; x64) AppleWebKit/537.36 (KHTML, like Gecko) Chrome/91.0.4472.124 Safari/537.36"
::1 - - [13/Jul/2021:13:18:38 +0000] "GET /undefined HTTP/1.1" 404 148 "http://localhost:2000/" "Mozilla/5.0 (Windows NT 10.0; Win64; x64) AppleWebKit/537.36 (KHTML, like Gecko) Chrome/91.0.4472.124 Safari/537.36"
::1 - - [13/Jul/2021:13:21:01 +0000] "GET / HTTP/1.1" 200 4004 "-" "Mozilla/5.0 (Windows NT 10.0; Win64; x64) AppleWebKit/537.36 (KHTML, like Gecko) Chrome/91.0.4472.124 Safari/537.36"
::1 - - [13/Jul/2021:13:21:01 +0000] "GET /undefined HTTP/1.1" 404 148 "http://localhost:2000/" "Mozilla/5.0 (Windows NT 10.0; Win64; x64) AppleWebKit/537.36 (KHTML, like Gecko) Chrome/91.0.4472.124 Safari/537.36"
::1 - - [13/Jul/2021:13:21:01 +0000] "GET /js/chat_engine.js HTTP/1.1" 404 156 "http://localhost:2000/" "Mozilla/5.0 (Windows NT 10.0; Win64; x64) AppleWebKit/537.36 (KHTML, like Gecko) Chrome/91.0.4472.124 Safari/537.36"
::1 - - [13/Jul/2021:13:21:01 +0000] "GET /undefined HTTP/1.1" 404 148 "http://localhost:2000/" "Mozilla/5.0 (Windows NT 10.0; Win64; x64) AppleWebKit/537.36 (KHTML, like Gecko) Chrome/91.0.4472.124 Safari/537.36"
::1 - - [13/Jul/2021:13:21:01 +0000] "GET /undefined HTTP/1.1" 404 148 "http://localhost:2000/" "Mozilla/5.0 (Windows NT 10.0; Win64; x64) AppleWebKit/537.36 (KHTML, like Gecko) Chrome/91.0.4472.124 Safari/537.36"
::1 - - [13/Jul/2021:13:21:02 +0000] "GET /undefined HTTP/1.1" 404 148 "http://localhost:2000/" "Mozilla/5.0 (Windows NT 10.0; Win64; x64) AppleWebKit/537.36 (KHTML, like Gecko) Chrome/91.0.4472.124 Safari/537.36"
::1 - - [13/Jul/2021:13:21:02 +0000] "GET /js/chat_engine.js HTTP/1.1" 404 156 "http://localhost:2000/" "Mozilla/5.0 (Windows NT 10.0; Win64; x64) AppleWebKit/537.36 (KHTML, like Gecko) Chrome/91.0.4472.124 Safari/537.36"
::1 - - [13/Jul/2021:13:21:07 +0000] "GET / HTTP/1.1" 304 - "-" "Mozilla/5.0 (Windows NT 10.0; Win64; x64) AppleWebKit/537.36 (KHTML, like Gecko) Chrome/91.0.4472.124 Safari/537.36"
::1 - - [13/Jul/2021:13:21:07 +0000] "GET /undefined HTTP/1.1" 404 148 "http://localhost:2000/" "Mozilla/5.0 (Windows NT 10.0; Win64; x64) AppleWebKit/537.36 (KHTML, like Gecko) Chrome/91.0.4472.124 Safari/537.36"
::1 - - [13/Jul/2021:13:21:07 +0000] "GET /js/chat_engine.js HTTP/1.1" 404 156 "http://localhost:2000/" "Mozilla/5.0 (Windows NT 10.0; Win64; x64) AppleWebKit/537.36 (KHTML, like Gecko) Chrome/91.0.4472.124 Safari/537.36"
::1 - - [13/Jul/2021:13:21:07 +0000] "GET /undefined HTTP/1.1" 404 148 "http://localhost:2000/" "Mozilla/5.0 (Windows NT 10.0; Win64; x64) AppleWebKit/537.36 (KHTML, like Gecko) Chrome/91.0.4472.124 Safari/537.36"
::1 - - [13/Jul/2021:13:21:08 +0000] "GET /undefined HTTP/1.1" 404 148 "http://localhost:2000/" "Mozilla/5.0 (Windows NT 10.0; Win64; x64) AppleWebKit/537.36 (KHTML, like Gecko) Chrome/91.0.4472.124 Safari/537.36"
::1 - - [13/Jul/2021:13:21:08 +0000] "GET /undefined HTTP/1.1" 404 148 "http://localhost:2000/" "Mozilla/5.0 (Windows NT 10.0; Win64; x64) AppleWebKit/537.36 (KHTML, like Gecko) Chrome/91.0.4472.124 Safari/537.36"
::1 - - [13/Jul/2021:13:21:08 +0000] "GET /js/chat_engine.js HTTP/1.1" 404 156 "http://localhost:2000/" "Mozilla/5.0 (Windows NT 10.0; Win64; x64) AppleWebKit/537.36 (KHTML, like Gecko) Chrome/91.0.4472.124 Safari/537.36"
::1 - - [13/Jul/2021:13:24:40 +0000] "GET / HTTP/1.1" 304 - "-" "Mozilla/5.0 (Windows NT 10.0; Win64; x64) AppleWebKit/537.36 (KHTML, like Gecko) Chrome/91.0.4472.124 Safari/537.36"
::1 - - [13/Jul/2021:13:24:40 +0000] "GET /js/chat_engine.js HTTP/1.1" 404 156 "http://localhost:2000/" "Mozilla/5.0 (Windows NT 10.0; Win64; x64) AppleWebKit/537.36 (KHTML, like Gecko) Chrome/91.0.4472.124 Safari/537.36"
::1 - - [13/Jul/2021:13:24:40 +0000] "GET /undefined HTTP/1.1" 404 148 "http://localhost:2000/" "Mozilla/5.0 (Windows NT 10.0; Win64; x64) AppleWebKit/537.36 (KHTML, like Gecko) Chrome/91.0.4472.124 Safari/537.36"
::1 - - [13/Jul/2021:13:24:40 +0000] "GET /undefined HTTP/1.1" 404 148 "http://localhost:2000/" "Mozilla/5.0 (Windows NT 10.0; Win64; x64) AppleWebKit/537.36 (KHTML, like Gecko) Chrome/91.0.4472.124 Safari/537.36"
::1 - - [13/Jul/2021:13:24:40 +0000] "GET /undefined HTTP/1.1" 404 148 "http://localhost:2000/" "Mozilla/5.0 (Windows NT 10.0; Win64; x64) AppleWebKit/537.36 (KHTML, like Gecko) Chrome/91.0.4472.124 Safari/537.36"
::1 - - [13/Jul/2021:13:24:40 +0000] "GET /undefined HTTP/1.1" 404 148 "http://localhost:2000/" "Mozilla/5.0 (Windows NT 10.0; Win64; x64) AppleWebKit/537.36 (KHTML, like Gecko) Chrome/91.0.4472.124 Safari/537.36"
::1 - - [13/Jul/2021:13:24:41 +0000] "GET /js/chat_engine.js HTTP/1.1" 404 156 "http://localhost:2000/" "Mozilla/5.0 (Windows NT 10.0; Win64; x64) AppleWebKit/537.36 (KHTML, like Gecko) Chrome/91.0.4472.124 Safari/537.36"
::1 - - [13/Jul/2021:13:24:43 +0000] "GET / HTTP/1.1" 304 - "-" "Mozilla/5.0 (Windows NT 10.0; Win64; x64) AppleWebKit/537.36 (KHTML, like Gecko) Chrome/91.0.4472.124 Safari/537.36"
::1 - - [13/Jul/2021:13:24:43 +0000] "GET /undefined HTTP/1.1" 404 148 "http://localhost:2000/" "Mozilla/5.0 (Windows NT 10.0; Win64; x64) AppleWebKit/537.36 (KHTML, like Gecko) Chrome/91.0.4472.124 Safari/537.36"
::1 - - [13/Jul/2021:13:24:43 +0000] "GET /js/chat_engine.js HTTP/1.1" 404 156 "http://localhost:2000/" "Mozilla/5.0 (Windows NT 10.0; Win64; x64) AppleWebKit/537.36 (KHTML, like Gecko) Chrome/91.0.4472.124 Safari/537.36"
::1 - - [13/Jul/2021:13:24:43 +0000] "GET /undefined HTTP/1.1" 404 148 "http://localhost:2000/" "Mozilla/5.0 (Windows NT 10.0; Win64; x64) AppleWebKit/537.36 (KHTML, like Gecko) Chrome/91.0.4472.124 Safari/537.36"
::1 - - [13/Jul/2021:13:24:43 +0000] "GET /undefined HTTP/1.1" 404 148 "http://localhost:2000/" "Mozilla/5.0 (Windows NT 10.0; Win64; x64) AppleWebKit/537.36 (KHTML, like Gecko) Chrome/91.0.4472.124 Safari/537.36"
::1 - - [13/Jul/2021:13:24:43 +0000] "GET /undefined HTTP/1.1" 404 148 "http://localhost:2000/" "Mozilla/5.0 (Windows NT 10.0; Win64; x64) AppleWebKit/537.36 (KHTML, like Gecko) Chrome/91.0.4472.124 Safari/537.36"
::1 - - [13/Jul/2021:13:24:43 +0000] "GET /js/chat_engine.js HTTP/1.1" 404 156 "http://localhost:2000/" "Mozilla/5.0 (Windows NT 10.0; Win64; x64) AppleWebKit/537.36 (KHTML, like Gecko) Chrome/91.0.4472.124 Safari/537.36"
::1 - - [13/Jul/2021:13:27:06 +0000] "GET / HTTP/1.1" 200 4051 "-" "Mozilla/5.0 (Windows NT 10.0; Win64; x64) AppleWebKit/537.36 (KHTML, like Gecko) Chrome/91.0.4472.124 Safari/537.36"
::1 - - [13/Jul/2021:13:27:06 +0000] "GET /undefined HTTP/1.1" 404 148 "http://localhost:2000/" "Mozilla/5.0 (Windows NT 10.0; Win64; x64) AppleWebKit/537.36 (KHTML, like Gecko) Chrome/91.0.4472.124 Safari/537.36"
::1 - - [13/Jul/2021:13:27:06 +0000] "GET /js/chat_engine.js HTTP/1.1" 404 156 "http://localhost:2000/" "Mozilla/5.0 (Windows NT 10.0; Win64; x64) AppleWebKit/537.36 (KHTML, like Gecko) Chrome/91.0.4472.124 Safari/537.36"
::1 - - [13/Jul/2021:13:27:06 +0000] "GET /undefined HTTP/1.1" 404 148 "http://localhost:2000/" "Mozilla/5.0 (Windows NT 10.0; Win64; x64) AppleWebKit/537.36 (KHTML, like Gecko) Chrome/91.0.4472.124 Safari/537.36"
::1 - - [13/Jul/2021:13:27:06 +0000] "GET /js/chat_engine.js HTTP/1.1" 404 156 "http://localhost:2000/" "Mozilla/5.0 (Windows NT 10.0; Win64; x64) AppleWebKit/537.36 (KHTML, like Gecko) Chrome/91.0.4472.124 Safari/537.36"
::1 - - [13/Jul/2021:14:05:26 +0000] "GET / HTTP/1.1" 304 - "-" "Mozilla/5.0 (Windows NT 10.0; Win64; x64) AppleWebKit/537.36 (KHTML, like Gecko) Chrome/91.0.4472.124 Safari/537.36"
::1 - - [13/Jul/2021:14:05:26 +0000] "GET /undefined HTTP/1.1" 404 148 "http://localhost:2000/" "Mozilla/5.0 (Windows NT 10.0; Win64; x64) AppleWebKit/537.36 (KHTML, like Gecko) Chrome/91.0.4472.124 Safari/537.36"
::1 - - [13/Jul/2021:14:05:26 +0000] "GET /js/chat_engine.js HTTP/1.1" 404 156 "http://localhost:2000/" "Mozilla/5.0 (Windows NT 10.0; Win64; x64) AppleWebKit/537.36 (KHTML, like Gecko) Chrome/91.0.4472.124 Safari/537.36"
::1 - - [13/Jul/2021:14:05:26 +0000] "GET /undefined HTTP/1.1" 404 148 "http://localhost:2000/" "Mozilla/5.0 (Windows NT 10.0; Win64; x64) AppleWebKit/537.36 (KHTML, like Gecko) Chrome/91.0.4472.124 Safari/537.36"
::1 - - [13/Jul/2021:14:05:26 +0000] "GET /js/chat_engine.js HTTP/1.1" 404 156 "http://localhost:2000/" "Mozilla/5.0 (Windows NT 10.0; Win64; x64) AppleWebKit/537.36 (KHTML, like Gecko) Chrome/91.0.4472.124 Safari/537.36"
::1 - - [13/Jul/2021:14:05:27 +0000] "GET /undefined HTTP/1.1" 404 148 "http://localhost:2000/" "Mozilla/5.0 (Windows NT 10.0; Win64; x64) AppleWebKit/537.36 (KHTML, like Gecko) Chrome/91.0.4472.124 Safari/537.36"
::1 - - [13/Jul/2021:14:05:27 +0000] "GET /js/chat_engine.js HTTP/1.1" 404 156 "http://localhost:2000/" "Mozilla/5.0 (Windows NT 10.0; Win64; x64) AppleWebKit/537.36 (KHTML, like Gecko) Chrome/91.0.4472.124 Safari/537.36"
::1 - - [13/Jul/2021:14:06:13 +0000] "GET / HTTP/1.1" 304 - "-" "Mozilla/5.0 (Windows NT 10.0; Win64; x64) AppleWebKit/537.36 (KHTML, like Gecko) Chrome/91.0.4472.124 Safari/537.36"
::1 - - [13/Jul/2021:14:06:13 +0000] "GET /undefined HTTP/1.1" 404 148 "http://localhost:2000/" "Mozilla/5.0 (Windows NT 10.0; Win64; x64) AppleWebKit/537.36 (KHTML, like Gecko) Chrome/91.0.4472.124 Safari/537.36"
::1 - - [13/Jul/2021:14:06:13 +0000] "GET /js/chat_engine.js HTTP/1.1" 404 156 "http://localhost:2000/" "Mozilla/5.0 (Windows NT 10.0; Win64; x64) AppleWebKit/537.36 (KHTML, like Gecko) Chrome/91.0.4472.124 Safari/537.36"
::1 - - [13/Jul/2021:14:06:13 +0000] "GET /undefined HTTP/1.1" 404 148 "http://localhost:2000/" "Mozilla/5.0 (Windows NT 10.0; Win64; x64) AppleWebKit/537.36 (KHTML, like Gecko) Chrome/91.0.4472.124 Safari/537.36"
::1 - - [13/Jul/2021:14:06:13 +0000] "GET /js/chat_engine.js HTTP/1.1" 404 156 "http://localhost:2000/" "Mozilla/5.0 (Windows NT 10.0; Win64; x64) AppleWebKit/537.36 (KHTML, like Gecko) Chrome/91.0.4472.124 Safari/537.36"
::1 - - [13/Jul/2021:14:08:01 +0000] "GET / HTTP/1.1" 200 4075 "-" "Mozilla/5.0 (Windows NT 10.0; Win64; x64) AppleWebKit/537.36 (KHTML, like Gecko) Chrome/91.0.4472.124 Safari/537.36"
::1 - - [13/Jul/2021:14:08:13 +0000] "GET /users/signIn HTTP/1.1" 200 2637 "http://localhost:2000/" "Mozilla/5.0 (Windows NT 10.0; Win64; x64) AppleWebKit/537.36 (KHTML, like Gecko) Chrome/91.0.4472.124 Safari/537.36"
::1 - - [13/Jul/2021:14:08:19 +0000] "POST /users/createSession HTTP/1.1" 302 70 "http://localhost:2000/users/signIn" "Mozilla/5.0 (Windows NT 10.0; Win64; x64) AppleWebKit/537.36 (KHTML, like Gecko) Chrome/91.0.4472.124 Safari/537.36"
::1 - - [13/Jul/2021:14:08:19 +0000] "GET /users/signIn HTTP/1.1" 200 2659 "http://localhost:2000/users/signIn" "Mozilla/5.0 (Windows NT 10.0; Win64; x64) AppleWebKit/537.36 (KHTML, like Gecko) Chrome/91.0.4472.124 Safari/537.36"
::1 - - [13/Jul/2021:14:08:26 +0000] "GET /auth/google HTTP/1.1" 302 0 "http://localhost:2000/users/signIn" "Mozilla/5.0 (Windows NT 10.0; Win64; x64) AppleWebKit/537.36 (KHTML, like Gecko) Chrome/91.0.4472.124 Safari/537.36"
::1 - - [13/Jul/2021:14:08:30 +0000] "GET /auth/google/callback?code=4%2F0AX4XfWisMqBzWdPPPu0fcmcaO1mV4RlMxnd-E1zIOXe1ZwVy7zLyt82M1RHGUj76zR2QZQ&scope=email+profile+openid+https%3A%2F%2Fwww.googleapis.com%2Fauth%2Fuserinfo.email+https%3A%2F%2Fwww.googleapis.com%2Fauth%2Fuserinfo.profile&authuser=0&prompt=none HTTP/1.1" 302 46 "http://localhost:2000/" "Mozilla/5.0 (Windows NT 10.0; Win64; x64) AppleWebKit/537.36 (KHTML, like Gecko) Chrome/91.0.4472.124 Safari/537.36"
::1 - - [13/Jul/2021:14:08:30 +0000] "GET / HTTP/1.1" 200 5597 "http://localhost:2000/" "Mozilla/5.0 (Windows NT 10.0; Win64; x64) AppleWebKit/537.36 (KHTML, like Gecko) Chrome/91.0.4472.124 Safari/537.36"
::1 - - [13/Jul/2021:14:08:32 +0000] "GET /likes/toggle/?p_id=60ebeeac8507df03ac8d7fd7&p_type=Post HTTP/1.1" 200 45 "http://localhost:2000/" "Mozilla/5.0 (Windows NT 10.0; Win64; x64) AppleWebKit/537.36 (KHTML, like Gecko) Chrome/91.0.4472.124 Safari/537.36"
::1 - - [13/Jul/2021:14:08:33 +0000] "GET /likes/toggle/?p_id=60ebeeac8507df03ac8d7fd7&p_type=Post HTTP/1.1" 200 44 "http://localhost:2000/" "Mozilla/5.0 (Windows NT 10.0; Win64; x64) AppleWebKit/537.36 (KHTML, like Gecko) Chrome/91.0.4472.124 Safari/537.36"
[0mGET / [32m200[0m 66.456 ms - 6043[0m
[0mGET /favicon.ico [33m404[0m 2.405 ms - 150[0m
[0mGET / [36m304[0m 36.105 ms - -[0m
::1 - - [13/Jul/2021:18:25:59 +0000] "GET / HTTP/1.1" 200 4075 "-" "Mozilla/5.0 (Windows NT 10.0; Win64; x64) AppleWebKit/537.36 (KHTML, like Gecko) Chrome/91.0.4472.124 Safari/537.36"
::1 - - [13/Jul/2021:18:26:01 +0000] "GET /users/signIn HTTP/1.1" 200 2637 "http://localhost:2000/" "Mozilla/5.0 (Windows NT 10.0; Win64; x64) AppleWebKit/537.36 (KHTML, like Gecko) Chrome/91.0.4472.124 Safari/537.36"
::1 - - [13/Jul/2021:18:26:10 +0000] "POST /users/createSession HTTP/1.1" 302 70 "http://localhost:2000/users/signIn" "Mozilla/5.0 (Windows NT 10.0; Win64; x64) AppleWebKit/537.36 (KHTML, like Gecko) Chrome/91.0.4472.124 Safari/537.36"
::1 - - [13/Jul/2021:18:26:10 +0000] "GET /users/signIn HTTP/1.1" 200 2659 "http://localhost:2000/users/signIn" "Mozilla/5.0 (Windows NT 10.0; Win64; x64) AppleWebKit/537.36 (KHTML, like Gecko) Chrome/91.0.4472.124 Safari/537.36"
::1 - - [13/Jul/2021:18:26:22 +0000] "POST /users/createSession HTTP/1.1" 302 46 "http://localhost:2000/users/signIn" "Mozilla/5.0 (Windows NT 10.0; Win64; x64) AppleWebKit/537.36 (KHTML, like Gecko) Chrome/91.0.4472.124 Safari/537.36"
::1 - - [13/Jul/2021:18:26:22 +0000] "GET / HTTP/1.1" 200 5723 "http://localhost:2000/users/signIn" "Mozilla/5.0 (Windows NT 10.0; Win64; x64) AppleWebKit/537.36 (KHTML, like Gecko) Chrome/91.0.4472.124 Safari/537.36"
::1 - - [13/Jul/2021:18:26:25 +0000] "GET /likes/toggle/?p_id=60ebeeac8507df03ac8d7fd7&p_type=Post HTTP/1.1" 200 45 "http://localhost:2000/" "Mozilla/5.0 (Windows NT 10.0; Win64; x64) AppleWebKit/537.36 (KHTML, like Gecko) Chrome/91.0.4472.124 Safari/537.36"
::1 - - [13/Jul/2021:18:26:26 +0000] "GET /likes/toggle/?p_id=60ebeeac8507df03ac8d7fd7&p_type=Post HTTP/1.1" 200 44 "http://localhost:2000/" "Mozilla/5.0 (Windows NT 10.0; Win64; x64) AppleWebKit/537.36 (KHTML, like Gecko) Chrome/91.0.4472.124 Safari/537.36"
::1 - - [13/Jul/2021:18:26:29 +0000] "GET /likes/toggle/?p_id=60ebeeac8507df03ac8d7fd7&p_type=Post HTTP/1.1" 200 45 "http://localhost:2000/" "Mozilla/5.0 (Windows NT 10.0; Win64; x64) AppleWebKit/537.36 (KHTML, like Gecko) Chrome/91.0.4472.124 Safari/537.36"
::1 - - [13/Jul/2021:18:26:43 +0000] "GET /users/signOut HTTP/1.1" 302 46 "http://localhost:2000/" "Mozilla/5.0 (Windows NT 10.0; Win64; x64) AppleWebKit/537.36 (KHTML, like Gecko) Chrome/91.0.4472.124 Safari/537.36"
::1 - - [13/Jul/2021:18:26:43 +0000] "GET / HTTP/1.1" 200 4098 "http://localhost:2000/" "Mozilla/5.0 (Windows NT 10.0; Win64; x64) AppleWebKit/537.36 (KHTML, like Gecko) Chrome/91.0.4472.124 Safari/537.36"
::1 - - [13/Jul/2021:18:28:28 +0000] "GET / HTTP/1.1" 200 4075 "-" "Mozilla/5.0 (Windows NT 10.0; Win64; x64) AppleWebKit/537.36 (KHTML, like Gecko) Chrome/91.0.4472.124 Safari/537.36"
::1 - - [13/Jul/2021:18:28:32 +0000] "GET /users/signIn HTTP/1.1" 200 2637 "http://localhost:2000/" "Mozilla/5.0 (Windows NT 10.0; Win64; x64) AppleWebKit/537.36 (KHTML, like Gecko) Chrome/91.0.4472.124 Safari/537.36"
::1 - - [13/Jul/2021:18:28:38 +0000] "POST /users/createSession HTTP/1.1" 302 46 "http://localhost:2000/users/signIn" "Mozilla/5.0 (Windows NT 10.0; Win64; x64) AppleWebKit/537.36 (KHTML, like Gecko) Chrome/91.0.4472.124 Safari/537.36"
::1 - - [13/Jul/2021:18:28:38 +0000] "GET / HTTP/1.1" 200 5723 "http://localhost:2000/users/signIn" "Mozilla/5.0 (Windows NT 10.0; Win64; x64) AppleWebKit/537.36 (KHTML, like Gecko) Chrome/91.0.4472.124 Safari/537.36"
::1 - - [13/Jul/2021:18:28:42 +0000] "GET /users/profile/60ebee9f8507df03ac8d7fd6 HTTP/1.1" 200 3161 "http://localhost:2000/" "Mozilla/5.0 (Windows NT 10.0; Win64; x64) AppleWebKit/537.36 (KHTML, like Gecko) Chrome/91.0.4472.124 Safari/537.36"
::1 - - [13/Jul/2021:18:28:43 +0000] "GET /undefined HTTP/1.1" 404 148 "http://localhost:2000/users/profile/60ebee9f8507df03ac8d7fd6" "Mozilla/5.0 (Windows NT 10.0; Win64; x64) AppleWebKit/537.36 (KHTML, like Gecko) Chrome/91.0.4472.124 Safari/537.36"
::1 - - [13/Jul/2021:18:28:53 +0000] "GET /users/profile/60ebee9f8507df03ac8d7fd6 HTTP/1.1" 304 - "http://localhost:2000/" "Mozilla/5.0 (Windows NT 10.0; Win64; x64) AppleWebKit/537.36 (KHTML, like Gecko) Chrome/91.0.4472.124 Safari/537.36"
::1 - - [13/Jul/2021:18:28:53 +0000] "GET /undefined HTTP/1.1" 404 148 "http://localhost:2000/users/profile/60ebee9f8507df03ac8d7fd6" "Mozilla/5.0 (Windows NT 10.0; Win64; x64) AppleWebKit/537.36 (KHTML, like Gecko) Chrome/91.0.4472.124 Safari/537.36"
::1 - - [13/Jul/2021:18:29:29 +0000] "GET /users/profile/60ebee9f8507df03ac8d7fd6 HTTP/1.1" 200 3188 "http://localhost:2000/" "Mozilla/5.0 (Windows NT 10.0; Win64; x64) AppleWebKit/537.36 (KHTML, like Gecko) Chrome/91.0.4472.124 Safari/537.36"
