::1 - - [13/Jul/2021:18:31:14 +0000] "POST /users/update/60ebee9f8507df03ac8d7fd6 HTTP/1.1" 302 164 "http://localhost:2000/users/profile/60ebee9f8507df03ac8d7fd6" "Mozilla/5.0 (Windows NT 10.0; Win64; x64) AppleWebKit/537.36 (KHTML, like Gecko) Chrome/91.0.4472.124 Safari/537.36"
::1 - - [13/Jul/2021:18:31:14 +0000] "GET /users/profile/60ebee9f8507df03ac8d7fd6 HTTP/1.1" 200 3149 "http://localhost:2000/users/profile/60ebee9f8507df03ac8d7fd6" "Mozilla/5.0 (Windows NT 10.0; Win64; x64) AppleWebKit/537.36 (KHTML, like Gecko) Chrome/91.0.4472.124 Safari/537.36"
::1 - - [13/Jul/2021:18:32:22 +0000] "POST /users/update/60ebee9f8507df03ac8d7fd6 HTTP/1.1" 302 164 "http://localhost:2000/users/profile/60ebee9f8507df03ac8d7fd6" "Mozilla/5.0 (Windows NT 10.0; Win64; x64) AppleWebKit/537.36 (KHTML, like Gecko) Chrome/91.0.4472.124 Safari/537.36"
::1 - - [13/Jul/2021:18:32:22 +0000] "GET /users/profile/60ebee9f8507df03ac8d7fd6 HTTP/1.1" 200 3149 "http://localhost:2000/users/profile/60ebee9f8507df03ac8d7fd6" "Mozilla/5.0 (Windows NT 10.0; Win64; x64) AppleWebKit/537.36 (KHTML, like Gecko) Chrome/91.0.4472.124 Safari/537.36"
[0mGET / [0m-[0m - ms - -[0m
[0mGET / [32m200[0m 184.339 ms - 6049[0m
[0mGET /favicon.ico [33m404[0m 4.556 ms - 150[0m
[0mGET /users/signIn [32m200[0m 9.284 ms - 2615[0m
[0mPOST /users/createSession [36m302[0m 30.478 ms - 46[0m
[0mGET / [32m200[0m 75.846 ms - 9344[0m
[0mGET /likes/toggle/?p_id=60ebebf727ed0a3b50d2f3e8&p_type=Post [32m200[0m 65.740 ms - 45[0m
[0mGET /likes/toggle/?p_id=60ebebf727ed0a3b50d2f3e8&p_type=Post [32m200[0m 23.204 ms - 44[0m
[0mPOST /comments/create [32m200[0m 37.721 ms - 612[0m
[0mGET / [32m200[0m 193.346 ms - 6382[0m
[0mGET /favicon.ico [33m404[0m 4.780 ms - 150[0m
[0mGET / [32m200[0m 248.828 ms - 6382[0m
[0mGET /favicon.ico [33m404[0m 8.944 ms - 150[0m
[0mGET /users/signIn [36m304[0m 15.754 ms - -[0m
[0mGET /users/signUp [32m200[0m 10.391 ms - 2760[0m
[0mPOST /users/create [36m302[0m 60.789 ms - 70[0m
[0mGET /users/signIn [32m200[0m 7.625 ms - 2637[0m
[0mPOST /users/createSession [36m302[0m 11.251 ms - 46[0m
[0mGET / [32m200[0m 85.824 ms - 9680[0m
[0mGET /users/profile/60faef69e3868f3ac06300ca [32m200[0m 32.139 ms - 3146[0m
[0mGET / [32m200[0m 63.695 ms - 9658[0m
[0mPOST /posts/create [32m200[0m 47.366 ms - 327[0m
[0mGET / [32m200[0m 77.836 ms - 10832[0m
[0mGET /users/signOut [36m302[0m 3.420 ms - 46[0m
[0mGET / [32m200[0m 68.092 ms - 6995[0m
[0mGET /users/signIn [32m200[0m 5.914 ms - 2615[0m
[0mGET /auth/google [36m302[0m 5.119 ms - 0[0m
[0mGET /auth/google/callback?code=4%2F0AX4XfWgVTKr6ATIs98AxUPrUWPuFV1-4hQWLYR3Ck-mJtiTv7xEQySQRGwMvHnUPbaoxiw&scope=email+profile+https%3A%2F%2Fwww.googleapis.com%2Fauth%2Fuserinfo.email+openid+https%3A%2F%2Fwww.googleapis.com%2Fauth%2Fuserinfo.profile&authuser=0&prompt=none [0m-[0m - ms - -[0m
[0mGET /auth/google [36m302[0m 1.248 ms - 0[0m
[0mGET /auth/google/callback?code=4%2F0AX4XfWinOKnFdv3LoN-YsZqxYA8fahGDax5kt01Ryz2NFOL-LB0px0XXcHQzLW8xKePDdQ&scope=email+profile+https%3A%2F%2Fwww.googleapis.com%2Fauth%2Fuserinfo.profile+https%3A%2F%2Fwww.googleapis.com%2Fauth%2Fuserinfo.email+openid&authuser=0&prompt=none [36m302[0m 700.891 ms - 46[0m
[0mGET / [32m200[0m 143.782 ms - 11648[0m
[0mGET /users/profile/60def4742cf0742c0493b240 [32m200[0m 15.347 ms - 2973[0m
[0mGET /friends/add/?second_user=60def4742cf0742c0493b240 [36m302[0m 34.176 ms - 46[0m
[0mGET / [32m200[0m 75.643 ms - 11762[0m
[0mGET /users/signOut [36m302[0m 2.387 ms - 46[0m
[0mGET / [32m200[0m 55.578 ms - 6995[0m
[0mGET /users/signIn [36m304[0m 6.636 ms - -[0m
[0mPOST /users/createSession [36m302[0m 6.221 ms - 46[0m
[0mGET / [32m200[0m 59.830 ms - 10854[0m
[0mGET /users/profile/60def4742cf0742c0493b240 [32m200[0m 29.619 ms - 2971[0m
[0mGET /friends/add/?second_user=60def4742cf0742c0493b240 [36m302[0m 14.459 ms - 46[0m
[0mGET / [32m200[0m 75.378 ms - 10968[0m
[0mGET /users/profile/60dc7b402b941b4a785b53f6 [32m200[0m 29.035 ms - 2974[0m
[0mGET /friends/add/?second_user=60dc7b402b941b4a785b53f6 [36m302[0m 16.135 ms - 46[0m
[0mGET / [32m200[0m 68.878 ms - 11093[0m
[0mGET / [32m200[0m 66.289 ms - 11079[0m
[0mGET /likes/toggle/?p_id=60faefa2e3868f3ac06300cb&p_type=Post [32m200[0m 18.583 ms - 45[0m
[0mGET /likes/toggle/?p_id=60faefa2e3868f3ac06300cb&p_type=Post [32m200[0m 17.476 ms - 44[0m
[0mGET /likes/toggle/?p_id=60faefa2e3868f3ac06300cb&p_type=Post [32m200[0m 16.266 ms - 45[0m
[0mGET /likes/toggle/?p_id=60faefa2e3868f3ac06300cb&p_type=Post [32m200[0m 16.693 ms - 44[0m
[0mPOST /comments/create [32m200[0m 14.187 ms - 560[0m
[0mGET /likes/toggle/?p_id=60faf015e3868f3ac06300d1&p_type=Comment [32m200[0m 15.099 ms - 45[0m
[0mGET /likes/toggle/?p_id=60faf015e3868f3ac06300d1&p_type=Comment [32m200[0m 13.637 ms - 44[0m
[0mGET /comments/destroy/60faf015e3868f3ac06300d1 [32m200[0m 17.011 ms - 108[0m
[0mGET /posts/destroy/60faefa2e3868f3ac06300cb [32m200[0m 27.171 ms - 137[0m
[0mGET /users/signOut [36m302[0m 2.289 ms - 46[0m
[0mGET / [32m200[0m 42.957 ms - 6584[0m
