[0mGET / [32m200[0m 141.731 ms - 6561[0m
[0mGET /favicon.ico [33m404[0m 5.424 ms - 150[0m
[0mGET /users/signIn [32m200[0m 22.033 ms - 2615[0m
[0mGET /auth/google [36m302[0m 7.253 ms - 0[0m
[0mGET /auth/google/callback?code=4%2F0AX4XfWgz3h2SHwaT9D5YX0sGMpvGj3bYpF39tzL6Hh5tARDsu6jWvhrrh4aNM-0xU8lvpA&scope=email+profile+https%3A%2F%2Fwww.googleapis.com%2Fauth%2Fuserinfo.profile+https%3A%2F%2Fwww.googleapis.com%2Fauth%2Fuserinfo.email+openid&authuser=0&prompt=consent [36m302[0m 1461.223 ms - 46[0m
[0mGET / [32m200[0m 154.735 ms - 10865[0m
[0mGET /likes/toggle/?p_id=60ebebf727ed0a3b50d2f3e8&p_type=Post [32m200[0m 83.311 ms - 45[0m
[0mGET /likes/toggle/?p_id=60ebebf727ed0a3b50d2f3e8&p_type=Post [32m200[0m 35.647 ms - 44[0m
[0mGET /users/profile/60dc7b402b941b4a785b53f6 [32m200[0m 49.858 ms - 3150[0m
[0mGET / [32m200[0m 179.165 ms - 6561[0m
[0mGET /favicon.ico [33m404[0m 3.287 ms - 150[0m
[0mPOST / [33m404[0m 3.008 ms - 140[0m
[0mPOST / [33m404[0m 2.058 ms - 140[0m
[0mGET / [36m304[0m 98.691 ms - -[0m
[0mPOST / [33m404[0m 2.677 ms - 140[0m
[0mGET / [36m304[0m 198.421 ms - -[0m
[0mPOST / [33m404[0m 2.376 ms - 140[0m
[0mGET / [36m304[0m 73.389 ms - -[0m
[0mPOST / [33m404[0m 1.640 ms - 140[0m
[0mGET / [36m304[0m 64.912 ms - -[0m
[0mPOST / [33m404[0m 1.800 ms - 140[0m
[0mGET / [36m304[0m 143.864 ms - -[0m
[0mPOST / [33m404[0m 4.544 ms - 140[0m
[0mGET / [36m304[0m 89.691 ms - -[0m
[0mGET /users/profile/60d442db872da84c441df1c0 [36m302[0m 21.536 ms - 70[0m
[0mGET /users/signIn [36m304[0m 9.670 ms - -[0m
[0mGET /users/signIn [36m304[0m 11.060 ms - -[0m
[0mGET /auth/google [36m302[0m 6.872 ms - 0[0m
[0mGET /auth/google/callback?code=4%2F0AX4XfWj92soFUX97IKiiAX4Ts-8Xyt8-Yef2JnQ-pBuEQAwhmEHRrvSLIgpymU6opAAIQA&scope=email+profile+https%3A%2F%2Fwww.googleapis.com%2Fauth%2Fuserinfo.profile+https%3A%2F%2Fwww.googleapis.com%2Fauth%2Fuserinfo.email+openid&authuser=0&prompt=consent [36m302[0m 1744.797 ms - 46[0m
[0mGET / [32m200[0m 175.358 ms - 10865[0m
[0mGET /likes/toggle/?p_id=60ebebf727ed0a3b50d2f3e8&p_type=Post [32m200[0m 84.213 ms - 45[0m
[0mGET /likes/toggle/?p_id=60ebebf727ed0a3b50d2f3e8&p_type=Post [32m200[0m 32.221 ms - 44[0m
[0mGET /likes/toggle/?p_id=60ee91a472a94943782614b8&p_type=Comment [32m200[0m 26.673 ms - 45[0m
[0mGET / [32m200[0m 87.458 ms - 10843[0m
[0mGET / [36m304[0m 70.818 ms - -[0m
[0mGET / [36m304[0m 122.449 ms - -[0m
[0mGET / [32m200[0m 181.638 ms - 6561[0m
[0mGET /favicon.ico [33m404[0m 6.709 ms - 150[0m
[0mGET /users/profile/60d442db872da84c441df1c0 [36m302[0m 14.800 ms - 70[0m
[0mGET /users/signIn [32m200[0m 9.320 ms - 2615[0m
[0mGET /auth/google [36m302[0m 7.129 ms - 0[0m
[0mGET /auth/google/callback?code=4%2F0AX4XfWi56cIlwk2LaK64cMPfjie4v0V1uX7XU2krmTfg3y7lvthKLCENvrtr4dqGP4TskA&scope=email+profile+https%3A%2F%2Fwww.googleapis.com%2Fauth%2Fuserinfo.profile+https%3A%2F%2Fwww.googleapis.com%2Fauth%2Fuserinfo.email+openid&authuser=0&prompt=consent [36m302[0m 752.761 ms - 46[0m
[0mGET / [32m200[0m 175.688 ms - 10865[0m
[0mPOST /posts/create [32m200[0m 79.975 ms - 329[0m
[0mGET /likes/toggle/?p_id=6193554936244036445c309f&p_type=Post [32m200[0m 28.046 ms - 45[0m
[0mGET / [32m200[0m 87.053 ms - 12019[0m
[0mPOST /posts/create [32m200[0m 17.223 ms - 334[0m
[0mGET / [32m200[0m 204.032 ms - 7392[0m
[0mGET /favicon.ico [33m404[0m 4.222 ms - 150[0m
[0mGET /users/signIn [32m200[0m 13.881 ms - 2615[0m
[0mGET /auth/google [36m302[0m 6.228 ms - 0[0m
[0mGET /auth/google/callback?code=4%2F0AX4XfWjOBNqF5ylpERqDKoT0KvQqfW1iOfUeVJnY9CPmJ0T0drc3YISc4z28sO4LnqnT9w&scope=email+profile+https%3A%2F%2Fwww.googleapis.com%2Fauth%2Fuserinfo.profile+https%3A%2F%2Fwww.googleapis.com%2Fauth%2Fuserinfo.email+openid&authuser=0&prompt=consent [36m302[0m 799.292 ms - 46[0m
[0mGET / [32m200[0m 188.315 ms - 13222[0m
[0mPOST /posts/create [32m200[0m 116.392 ms - 338[0m
[0mGET /likes/toggle/?p_id=62bfda0a6d0e8c4a402edc32&p_type=Post [32m200[0m 21.674 ms - 45[0m
[0mGET /likes/toggle/?p_id=62bfda0a6d0e8c4a402edc32&p_type=Post [32m200[0m 27.396 ms - 44[0m
[0mGET /posts/destroy/62bfda0a6d0e8c4a402edc32 [32m200[0m 54.979 ms - 137[0m
[0mPOST /posts/create [32m200[0m 23.208 ms - 337[0m
[0mGET / [32m200[0m 78.307 ms - 14353[0m
[0mGET / [32m200[0m 102.804 ms - 14380[0m
[0mGET / [32m200[0m 57.908 ms - 14368[0m
[0mGET / [32m200[0m 143.946 ms - 14386[0m
[0mGET / [32m200[0m 57.011 ms - 14385[0m
[0mGET / [32m200[0m 81.955 ms - 14388[0m
[0mGET / [32m200[0m 136.546 ms - 14389[0m
[0mGET /users/profile/60dc7b5e2b941b4a785b53f7 [32m200[0m 59.366 ms - 2977[0m
[0mGET /users/profile/60def4742cf0742c0493b240 [32m200[0m 49.839 ms - 2984[0m
[0mGET /users/profile/60d442db872da84c441df1c0 [32m200[0m 21.470 ms - 2973[0m
[0mGET /users/profile/60d442db872da84c441df1c0 [36m304[0m 20.786 ms - -[0m
[0mGET /friends/remove/?second_user=60d442db872da84c441df1c0 [36m302[0m 35.226 ms - 46[0m
[0mGET / [32m200[0m 113.630 ms - 14283[0m
[0mGET /users/profile/60d442db872da84c441df1c0 [32m200[0m 20.764 ms - 2967[0m
[0mGET /friends/add/?second_user=60d442db872da84c441df1c0 [36m302[0m 17.269 ms - 46[0m
[0mGET / [32m200[0m 52.568 ms - 14403[0m
[0mGET /users/profile/60dc7b402b941b4a785b53f6 [32m200[0m 24.136 ms - 3155[0m
[0mGET /users/profile/60dc7b402b941b4a785b53f6 [36m304[0m 24.940 ms - -[0m
[0mGET /users/profile/60def5f1ebda743840d0bbf9 [32m200[0m 15.396 ms - 2997[0m
[0mGET / [32m200[0m 122.747 ms - 14389[0m
[0mGET /users/profile/60d442db872da84c441df1c0 [32m200[0m 22.863 ms - 2973[0m
[0mGET / [36m304[0m 174.016 ms - -[0m
[0mGET /users/profile/60d442db872da84c441df1c0 [36m304[0m 53.226 ms - -[0m
[0mGET / [36m304[0m 134.260 ms - -[0m
[0mGET /users/profile/60dc7b5e2b941b4a785b53f7 [36m304[0m 29.049 ms - -[0m
[0mGET / [32m200[0m 148.679 ms - 7818[0m
[0mGET /favicon.ico [33m404[0m 5.321 ms - 150[0m
[0mGET /users/profile/60def5f1ebda743840d0bbf9 [36m302[0m 12.678 ms - 70[0m
[0mGET /users/signIn [32m200[0m 10.069 ms - 2620[0m
[0mGET / [36m304[0m 104.322 ms - -[0m
[0mGET /users/signIn [36m304[0m 15.028 ms - -[0m
[0mGET /auth/google [36m302[0m 3.967 ms - 0[0m
[0mPOST /users/createSession [36m302[0m 10.526 ms - 70[0m
[0mGET /users/signIn [32m200[0m 10.288 ms - 2642[0m
[0mPOST /users/createSession [36m302[0m 13.664 ms - 70[0m
[0mGET /users/signIn [36m304[0m 11.648 ms - -[0m
[0mPOST /users/createSession [36m302[0m 21.567 ms - 46[0m
[0mGET / [32m200[0m 147.534 ms - 13223[0m
[0mGET /users/profile/60d442db872da84c441df1c0 [32m200[0m 41.853 ms - 3138[0m
[0mGET /users/profile/60dc7b402b941b4a785b53f6 [36m304[0m 55.712 ms - -[0m
[0mPOST / [33m404[0m 2.571 ms - 140[0m
[0mGET / [36m304[0m 76.219 ms - -[0m
[0mGET /users/profile/60dc7b5e2b941b4a785b53f7 [36m304[0m 21.912 ms - -[0m
[0mGET /users/profile/60dc7b5e2b941b4a785b53f7 [32m200[0m 24.786 ms - 2974[0m
[0mGET / [32m200[0m 56.189 ms - 13278[0m
[0mGET / [32m200[0m 73.325 ms - 14466[0m
[0mPOST / [33m404[0m 0.513 ms - 140[0m
[0mGET / [36m304[0m 155.104 ms - -[0m
[0mGET / [32m200[0m 89.363 ms - 14466[0m
[0mGET / [32m200[0m 106.710 ms - 13278[0m
[0mGET /users/profile/60d442db872da84c441df1c0 [32m200[0m 51.025 ms - 3877[0m
[0mGET /users/profile/60d442db872da84c441df1c0 [36m304[0m 44.374 ms - -[0m
[0mGET / [32m200[0m 105.617 ms - 15293[0m
[0mGET /users/profile/60dc7b5e2b941b4a785b53f7 [32m200[0m 43.530 ms - 3881[0m
[0mGET /users/profile/60dc7b5e2b941b4a785b53f7 [32m200[0m 39.038 ms - 2977[0m
[0mGET / [32m200[0m 99.171 ms - 14389[0m
[0mGET / [32m200[0m 98.906 ms - 14436[0m
[0mGET / [36m304[0m 92.130 ms - -[0m
[0mGET / [36m304[0m 101.759 ms - -[0m
[0mGET / [32m200[0m 93.984 ms - 14448[0m
[0mGET / [36m304[0m 92.900 ms - -[0m
[0mGET / [36m304[0m 128.055 ms - -[0m
[0mGET / [36m304[0m 101.504 ms - -[0m
[0mGET /users/profile/60dc7b5e2b941b4a785b53f7 [32m200[0m 30.978 ms - 3036[0m
[0mGET / [36m304[0m 89.372 ms - -[0m
[0mGET / [32m200[0m 98.186 ms - 14405[0m
[0mGET / [36m304[0m 83.579 ms - -[0m
[0mGET /users/profile/60d442db872da84c441df1c0 [32m200[0m 31.041 ms - 2989[0m
[0mGET / [32m200[0m 116.677 ms - 14401[0m
[0mGET /users/profile/60dc7b5e2b941b4a785b53f7 [32m200[0m 34.946 ms - 2993[0m
[0mGET / [32m200[0m 102.471 ms - 14405[0m
[0mGET /users/profile/60dc7b5e2b941b4a785b53f7 [36m304[0m 48.028 ms - -[0m
[0mGET / [32m200[0m 104.927 ms - 14446[0m
[0mGET /users/profile/60dc7b5e2b941b4a785b53f7 [36m304[0m 52.936 ms - -[0m
[0mGET / [36m304[0m 138.399 ms - -[0m
[0mGET /users/profile/60dc7b5e2b941b4a785b53f7 [36m304[0m 59.919 ms - -[0m
[0mGET / [36m304[0m 156.018 ms - -[0m
[0mGET / [32m200[0m 112.880 ms - 14447[0m
[0mGET / [36m304[0m 129.457 ms - -[0m
[0mGET / [36m304[0m 111.806 ms - -[0m
[0mGET / [36m304[0m 145.994 ms - -[0m
[0mGET /users/profile/60dc7b5e2b941b4a785b53f7 [36m304[0m 45.358 ms - -[0m
[0mGET /users/profile/60dc7b5e2b941b4a785b53f7 [36m304[0m 47.884 ms - -[0m
[0mGET / [31m500[0m 122.095 ms - 2565[0m
[0mGET / [31m500[0m 215.864 ms - 2507[0m
[0mGET / [31m500[0m 113.529 ms - 2507[0m
[0mGET / [31m500[0m 113.928 ms - 2507[0m
[0mGET / [31m500[0m 102.092 ms - 2507[0m
[0mGET / [32m200[0m 240.182 ms - 14402[0m
[0mGET / [31m500[0m 112.060 ms - 2507[0m
[0mGET / [32m200[0m 154.455 ms - 14581[0m
[0mGET / [32m200[0m 188.166 ms - 13223[0m
[0mGET / [32m200[0m 137.560 ms - 14411[0m
[0mGET /users/profile/60dc7b5e2b941b4a785b53f7 [32m200[0m 40.607 ms - 2999[0m
[0mGET /users/profile/60d442db872da84c441df1c0 [32m200[0m 41.485 ms - 3160[0m
[0mGET /users/profile/60d442db872da84c441df1c0 [36m304[0m 37.671 ms - -[0m
[0mGET / [32m200[0m 161.376 ms - 13218[0m
[0mGET /users/profile/60dc7b402b941b4a785b53f6 [32m200[0m 56.815 ms - 3006[0m
[0mGET /likes/toggle/?p_id=60e499b81e76c10c50af2c4b&p_type=Comment [32m200[0m 69.907 ms - 45[0m
[0mGET / [32m200[0m 134.097 ms - 14406[0m
[0mGET / [32m200[0m 154.718 ms - 7839[0m
[0mGET /users/signIn [32m200[0m 17.849 ms - 2642[0m
[0mGET / [36m304[0m 131.004 ms - -[0m
[0mPOST / [33m404[0m 4.901 ms - 140[0m
[0mGET / [32m200[0m 68.636 ms - 7329[0m
[0mGET /users/signIn [36m304[0m 11.439 ms - -[0m
[0mGET /auth/google [36m302[0m 3.239 ms - 0[0m
[0mGET /auth/google/callback?code=4%2F0AX4XfWijzBPIy0SK4r8FaGTh1sf8lAKSo2PWxuQCU0ClDyhY_Ykk5bSplSbXkG5V3AHziQ&scope=email+profile+https%3A%2F%2Fwww.googleapis.com%2Fauth%2Fuserinfo.profile+https%3A%2F%2Fwww.googleapis.com%2Fauth%2Fuserinfo.email+openid&authuser=0&prompt=consent [36m302[0m 775.858 ms - 46[0m
[0mGET / [32m200[0m 68.204 ms - 14435[0m
[0mPOST /posts/create [32m200[0m 52.456 ms - 331[0m
